TN:
SF:src/App.jsx
FN:7,StatCard
FN:19,OrderList
FN:29,(anonymous_2)
FN:43,App
FN:48,(anonymous_4)
FN:62,(anonymous_5)
FN:65,(anonymous_6)
FN:125,(anonymous_7)
FNF:8
FNH:7
FNDA:18,StatCard
FNDA:12,OrderList
FNDA:4,(anonymous_2)
FNDA:14,App
FNDA:7,(anonymous_4)
FNDA:7,(anonymous_5)
FNDA:0,(anonymous_6)
FNDA:5,(anonymous_7)
DA:3,1
DA:5,1
DA:8,18
DA:20,12
DA:30,4
DA:44,14
DA:45,14
DA:46,14
DA:48,14
DA:49,7
DA:50,7
DA:51,7
DA:52,6
DA:53,6
DA:54,6
DA:55,6
DA:57,1
DA:58,1
DA:62,14
DA:63,7
DA:64,7
DA:65,7
DA:68,14
DA:126,5
LF:24
LH:24
BRDA:13,0,0,18
BRDA:13,0,1,6
BRDA:25,1,0,8
BRDA:25,1,1,4
BRDA:51,2,0,1
BRDA:51,2,1,6
BRDA:76,3,0,1
BRDA:76,3,1,13
BRDA:76,4,0,0
BRDA:76,4,1,13
BRDA:80,5,0,1
BRDA:80,5,1,13
BRDA:80,6,0,0
BRDA:80,6,1,13
BRDA:87,7,0,1
BRDA:87,7,1,13
BRDA:98,8,0,7
BRDA:98,8,1,6
BRDA:119,9,0,1
BRDA:119,9,1,5
BRF:20
BRH:18
end_of_record
TN:
SF:src/main.jsx
FNF:0
FNH:0
DA:6,0
LF:1
LH:0
BRF:0
BRH:0
end_of_record
