TN:
SF:/home/carrotcake/documents/projects/personal/Plazza/src/usage.cpp
FN:17,19,_Z10isPositivei
FN:21,27,_Z14checkArgumentsfii
FN:29,51,_Z13errorHandlingiPPKc
FN:5,15,_Z7isFloatRKNSt7__cxx1112basic_stringIcSt11char_traitsIcESaIcEEE
FNDA:5,_Z10isPositivei
FNDA:13,_Z14checkArgumentsfii
FNDA:17,_Z13errorHandlingiPPKc
FNDA:19,_Z7isFloatRKNSt7__cxx1112basic_stringIcSt11char_traitsIcESaIcEEE
FNF:4
FNH:4
DA:5,19
DA:7,19
DA:8,17
DA:10,2
DA:13,2
DA:14,2
DA:15,2
DA:17,5
DA:18,5
DA:21,13
DA:22,13
DA:23,6
DA:24,6
DA:26,7
DA:29,17
DA:31,43
DA:32,2
DA:33,2
DA:35,15
DA:36,5
DA:37,5
DA:40,48
DA:41,2
DA:42,2
DA:44,42
DA:45,0
DA:46,5
DA:47,5
DA:48,5
DA:49,5
DA:50,3
LF:31
LH:30
end_of_record
TN:
SF:/usr/include/c++/13/bits/alloc_traits.h
FNF:0
FNH:0
DA:482,54
DA:517,52
DA:538,46
DA:542,46
DA:562,34
DA:574,32
DA:588,4
DA:948,16
DA:949,16
LF:9
LH:9
end_of_record
TN:
SF:/usr/include/c++/13/bits/allocator.h
FNF:0
FNH:0
DA:163,93
DA:168,20
DA:184,97
LF:3
LH:3
end_of_record
TN:
SF:/usr/include/c++/13/bits/basic_string.h
FN:3528,3541,_ZSt12__str_concatINSt7__cxx1112basic_stringIcSt11char_traitsIcESaIcEEEET_PKNS6_10value_typeENS6_9size_typeES9_SA_RKNS6_14allocator_typeE
FN:3607,3615,_ZStplIcSt11char_traitsIcESaIcEENSt7__cxx1112basic_stringIT_T0_T1_EERKS8_PKS5_
FN:3727,3732,_ZSteqIcSt11char_traitsIcESaIcEEbRKNSt7__cxx1112basic_stringIT_T0_T1_EEPKS5_
FN:3829,3832,_ZStltIcSt11char_traitsIcESaIcEEbRKNSt7__cxx1112basic_stringIT_T0_T1_EESA_
FN:4120,4122,_ZNSt7__cxx114stoiERKNS_12basic_stringIcSt11char_traitsIcESaIcEEEPmi
FN:4146,4147,_ZNSt7__cxx114stofERKNS_12basic_stringIcSt11char_traitsIcESaIcEEEPm
FN:641,650,_ZNSt7__cxx1112basic_stringIcSt11char_traitsIcESaIcEEC2IS3_EEPKcRKS3_
FNDA:4,_ZSt12__str_concatINSt7__cxx1112basic_stringIcSt11char_traitsIcESaIcEEEET_PKNS6_10value_typeENS6_9size_typeES9_SA_RKNS6_14allocator_typeE
FNDA:4,_ZStplIcSt11char_traitsIcESaIcEENSt7__cxx1112basic_stringIT_T0_T1_EERKS8_PKS5_
FNDA:23,_ZSteqIcSt11char_traitsIcESaIcEEbRKNSt7__cxx1112basic_stringIT_T0_T1_EEPKS5_
FNDA:228,_ZStltIcSt11char_traitsIcESaIcEEbRKNSt7__cxx1112basic_stringIT_T0_T1_EESA_
FNDA:15,_ZNSt7__cxx114stoiERKNS_12basic_stringIcSt11char_traitsIcESaIcEEEPmi
FNDA:6,_ZNSt7__cxx114stofERKNS_12basic_stringIcSt11char_traitsIcESaIcEEEPm
FNDA:89,_ZNSt7__cxx1112basic_stringIcSt11char_traitsIcESaIcEEC2IS3_EEPKcRKS3_
FNF:7
FNH:7
DA:355,59
DA:641,89
DA:642,89
DA:645,89
DA:646,0
DA:648,89
DA:649,89
DA:650,89
DA:3528,4
DA:3536,4
DA:3537,4
DA:3538,4
DA:3539,4
DA:3540,4
DA:3541,0
DA:3607,4
DA:3614,8
DA:3727,23
DA:3730,23
DA:3731,23
DA:3829,228
DA:3832,228
DA:4120,15
DA:4121,15
DA:4122,13
DA:4146,6
DA:4147,6
LF:27
LH:25
end_of_record
TN:
SF:/usr/include/c++/13/bits/basic_string.tcc
FN:221,252,_ZNSt7__cxx1112basic_stringIcSt11char_traitsIcESaIcEE12_M_constructIPKcEEvT_S8_St20forward_iterator_tag
FN:221,252,_ZNSt7__cxx1112basic_stringIcSt11char_traitsIcESaIcEE12_M_constructIPcEEvT_S7_St20forward_iterator_tag
FN:239,239,_ZZNSt7__cxx1112basic_stringIcSt11char_traitsIcESaIcEE12_M_constructIPKcEEvT_S8_St20forward_iterator_tagEN6_GuardC2EPS4_
FN:239,239,_ZZNSt7__cxx1112basic_stringIcSt11char_traitsIcESaIcEE12_M_constructIPcEEvT_S7_St20forward_iterator_tagEN6_GuardC2EPS4_
FN:242,242,_ZZNSt7__cxx1112basic_stringIcSt11char_traitsIcESaIcEE12_M_constructIPKcEEvT_S8_St20forward_iterator_tagEN6_GuardD2Ev
FN:242,242,_ZZNSt7__cxx1112basic_stringIcSt11char_traitsIcESaIcEE12_M_constructIPcEEvT_S7_St20forward_iterator_tagEN6_GuardD2Ev
FNDA:89,_ZNSt7__cxx1112basic_stringIcSt11char_traitsIcESaIcEE12_M_constructIPKcEEvT_S8_St20forward_iterator_tag
FNDA:0,_ZNSt7__cxx1112basic_stringIcSt11char_traitsIcESaIcEE12_M_constructIPcEEvT_S7_St20forward_iterator_tag
FNDA:89,_ZZNSt7__cxx1112basic_stringIcSt11char_traitsIcESaIcEE12_M_constructIPKcEEvT_S8_St20forward_iterator_tagEN6_GuardC2EPS4_
FNDA:0,_ZZNSt7__cxx1112basic_stringIcSt11char_traitsIcESaIcEE12_M_constructIPcEEvT_S7_St20forward_iterator_tagEN6_GuardC2EPS4_
FNDA:89,_ZZNSt7__cxx1112basic_stringIcSt11char_traitsIcESaIcEE12_M_constructIPKcEEvT_S8_St20forward_iterator_tagEN6_GuardD2Ev
FNDA:0,_ZZNSt7__cxx1112basic_stringIcSt11char_traitsIcESaIcEE12_M_constructIPcEEvT_S7_St20forward_iterator_tagEN6_GuardD2Ev
FNF:6
FNH:3
DA:221,89
DA:225,89
DA:227,89
DA:229,30
DA:230,30
DA:239,89
DA:242,89
DA:245,89
DA:247,89
DA:249,89
DA:251,89
DA:252,89
LF:12
LH:12
end_of_record
TN:
SF:/usr/include/c++/13/bits/char_traits.h
FN:136,137,_ZN9__gnu_cxx11char_traitsIcE2eqERKcS3_
FN:199,206,_ZN9__gnu_cxx11char_traitsIcE6lengthEPKc
FN:366,371,_ZNSt11char_traitsIcE2ltERKcS2_
FN:374,390,_ZNSt11char_traitsIcE7compareEPKcS2_m
FN:393,400,_ZNSt11char_traitsIcE6lengthEPKc
FN:427,436,_ZNSt11char_traitsIcE4copyEPcPKcm
FNDA:0,_ZN9__gnu_cxx11char_traitsIcE2eqERKcS3_
FNDA:0,_ZN9__gnu_cxx11char_traitsIcE6lengthEPKc
FNDA:0,_ZNSt11char_traitsIcE2ltERKcS2_
FNDA:7,_ZNSt11char_traitsIcE7compareEPKcS2_m
FNDA:116,_ZNSt11char_traitsIcE6lengthEPKc
FNDA:0,_ZNSt11char_traitsIcE4copyEPcPKcm
FNF:6
FNH:2
DA:136,0
DA:137,0
DA:199,0
DA:202,0
DA:203,0
DA:204,0
DA:205,0
DA:366,0
DA:369,0
DA:370,0
DA:374,7
DA:376,7
DA:377,0
DA:379,7
DA:381,0
DA:382,0
DA:383,0
DA:384,0
DA:385,0
DA:386,0
DA:389,7
DA:393,116
DA:396,116
DA:397,0
DA:399,116
DA:427,0
DA:429,0
DA:430,0
DA:435,0
LF:29
LH:7
end_of_record
TN:
SF:/usr/include/c++/13/bits/cpp_type_traits.h
FN:607,608,_ZSt12__miter_baseIN9__gnu_cxx17__normal_iteratorIPK13ArgumentsCaseSt6vectorIS2_SaIS2_EEEEET_S9_
FN:607,608,_ZSt12__miter_baseIN9__gnu_cxx17__normal_iteratorIPK9ErrorCaseSt6vectorIS2_SaIS2_EEEEET_S9_
FN:607,608,_ZSt12__miter_baseIPK13ArgumentsCaseET_S3_
FN:607,608,_ZSt12__miter_baseIPK9ErrorCaseET_S3_
FNDA:4,_ZSt12__miter_baseIN9__gnu_cxx17__normal_iteratorIPK13ArgumentsCaseSt6vectorIS2_SaIS2_EEEEET_S9_
FNDA:4,_ZSt12__miter_baseIN9__gnu_cxx17__normal_iteratorIPK9ErrorCaseSt6vectorIS2_SaIS2_EEEEET_S9_
FNDA:4,_ZSt12__miter_baseIPK13ArgumentsCaseET_S3_
FNDA:4,_ZSt12__miter_baseIPK9ErrorCaseET_S3_
FNF:4
FNH:4
DA:607,16
DA:608,16
LF:2
LH:2
end_of_record
TN:
SF:/usr/include/c++/13/bits/ios_base.h
FN:103,104,_ZStaNRSt13_Ios_FmtflagsS_
FN:721,722,_ZNSt8ios_base6unsetfESt13_Ios_Fmtflags
FN:83,84,_ZStanSt13_Ios_FmtflagsS_
FN:95,96,_ZStcoSt13_Ios_Fmtflags
FN:993,997,_ZSt8noskipwsRSt8ios_base
FNDA:2,_ZStaNRSt13_Ios_FmtflagsS_
FNDA:2,_ZNSt8ios_base6unsetfESt13_Ios_Fmtflags
FNDA:2,_ZStanSt13_Ios_FmtflagsS_
FNDA:2,_ZStcoSt13_Ios_Fmtflags
FNDA:2,_ZSt8noskipwsRSt8ios_base
FNF:5
FNH:5
DA:83,2
DA:84,2
DA:95,2
DA:96,2
DA:103,2
DA:104,2
DA:721,2
DA:722,2
DA:993,2
DA:995,2
DA:996,2
LF:11
LH:11
end_of_record
TN:
SF:/usr/include/c++/13/bits/move.h
FN:138,139,_ZSt9addressofIK13ArgumentsCaseEPT_RS2_
FN:138,139,_ZSt9addressofIK9ErrorCaseEPT_RS2_
FN:51,52,_ZSt11__addressofIK13ArgumentsCaseEPT_RS2_
FN:51,52,_ZSt11__addressofIK9ErrorCaseEPT_RS2_
FN:51,52,_ZSt11__addressofIN7testing8internal26ParameterizedTestSuiteInfoI21ErrorHandlingHelpTestE17InstantiationInfoEEPT_RS6_
FN:51,52,_ZSt11__addressofIN7testing8internal26ParameterizedTestSuiteInfoI26ErrorHandlingTestArgumentsE17InstantiationInfoEEPT_RS6_
FN:51,52,_ZSt11__addressofISt10shared_ptrIN7testing8internal26ParameterizedTestSuiteInfoI21ErrorHandlingHelpTestE8TestInfoEEEPT_RS8_
FN:51,52,_ZSt11__addressofISt10shared_ptrIN7testing8internal26ParameterizedTestSuiteInfoI26ErrorHandlingTestArgumentsE8TestInfoEEEPT_RS8_
FN:70,71,_ZSt7forwardI13ArgumentsCaseEOT_RNSt16remove_referenceIS1_E4typeE
FN:70,71,_ZSt7forwardI9ErrorCaseEOT_RNSt16remove_referenceIS1_E4typeE
FN:70,71,_ZSt7forwardIN7testing8internal10ValueArrayIJ13ArgumentsCaseS3_S3_S3_S3_S3_S3_S3_S3_S3_EEEEOT_RNSt16remove_referenceIS5_E4typeE
FN:70,71,_ZSt7forwardIN7testing8internal10ValueArrayIJ9ErrorCaseS3_S3_S3_S3_S3_S3_EEEEOT_RNSt16remove_referenceIS5_E4typeE
FN:70,71,_ZSt7forwardIN7testing8internal26ParameterizedTestSuiteInfoI21ErrorHandlingHelpTestE17InstantiationInfoEEOT_RNSt16remove_referenceIS6_E4typeE
FN:70,71,_ZSt7forwardIN7testing8internal26ParameterizedTestSuiteInfoI26ErrorHandlingTestArgumentsE17InstantiationInfoEEOT_RNSt16remove_referenceIS6_E4typeE
FN:70,71,_ZSt7forwardIPN7testing8internal30ParameterizedTestSuiteInfoBaseEEOT_RNSt16remove_referenceIS4_E4typeE
FN:70,71,_ZSt7forwardIRKNSt7__cxx1112basic_stringIcSt11char_traitsIcESaIcEEEEOT_RNSt16remove_referenceIS8_E4typeE
FN:70,71,_ZSt7forwardIRPSt13_Rb_tree_nodeINSt7__cxx1112basic_stringIcSt11char_traitsIcESaIcEEEEEOT_RNSt16remove_referenceISA_E4typeE
FN:70,71,_ZSt7forwardIRPSt18_Rb_tree_node_baseEOT_RNSt16remove_referenceIS3_E4typeE
FN:70,71,_ZSt7forwardIRSt17_Rb_tree_iteratorINSt7__cxx1112basic_stringIcSt11char_traitsIcESaIcEEEEEOT_RNSt16remove_referenceIS9_E4typeE
FN:70,71,_ZSt7forwardIRbEOT_RNSt16remove_referenceIS1_E4typeE
FN:70,71,_ZSt7forwardISt10shared_ptrIN7testing8internal26ParameterizedTestSuiteInfoI21ErrorHandlingHelpTestE8TestInfoEEEOT_RNSt16remove_referenceIS8_E4typeE
FN:70,71,_ZSt7forwardISt10shared_ptrIN7testing8internal26ParameterizedTestSuiteInfoI26ErrorHandlingTestArgumentsE8TestInfoEEEOT_RNSt16remove_referenceIS8_E4typeE
FN:70,71,_ZSt7forwardISt17_Rb_tree_iteratorINSt7__cxx1112basic_stringIcSt11char_traitsIcESaIcEEEEEOT_RNSt16remove_referenceIS8_E4typeE
FN:70,71,_ZSt7forwardIbEOT_RNSt16remove_referenceIS0_E4typeE
FN:97,98,_ZSt4moveIR13ArgumentsCaseEONSt16remove_referenceIT_E4typeEOS3_
FN:97,98,_ZSt4moveIR9ErrorCaseEONSt16remove_referenceIT_E4typeEOS3_
FN:97,98,_ZSt4moveIRN7testing8internal26ParameterizedTestSuiteInfoI21ErrorHandlingHelpTestE17InstantiationInfoEEONSt16remove_referenceIT_E4typeEOS8_
FN:97,98,_ZSt4moveIRN7testing8internal26ParameterizedTestSuiteInfoI26ErrorHandlingTestArgumentsE17InstantiationInfoEEONSt16remove_referenceIT_E4typeEOS8_
FN:97,98,_ZSt4moveIRPK13ArgumentsCaseEONSt16remove_referenceIT_E4typeEOS5_
FN:97,98,_ZSt4moveIRPK9ErrorCaseEONSt16remove_referenceIT_E4typeEOS5_
FN:97,98,_ZSt4moveIRPN7testing8internal19TestMetaFactoryBaseI13ArgumentsCaseEEEONSt16remove_referenceIT_E4typeEOS8_
FN:97,98,_ZSt4moveIRPN7testing8internal19TestMetaFactoryBaseI9ErrorCaseEEEONSt16remove_referenceIT_E4typeEOS8_
FN:97,98,_ZSt4moveIRPN7testing8internal22ParamIteratorInterfaceI13ArgumentsCaseEEEONSt16remove_referenceIT_E4typeEOS8_
FN:97,98,_ZSt4moveIRPN7testing8internal22ParamIteratorInterfaceI9ErrorCaseEEEONSt16remove_referenceIT_E4typeEOS8_
FN:97,98,_ZSt4moveIRPN7testing8internal30ParameterizedTestSuiteInfoBaseEEONSt16remove_referenceIT_E4typeEOS6_
FN:97,98,_ZSt4moveIRPNSt7__cxx1112basic_stringIcSt11char_traitsIcESaIcEEEEONSt16remove_referenceIT_E4typeEOS9_
FN:97,98,_ZSt4moveIRPNSt7__cxx1118basic_stringstreamIcSt11char_traitsIcESaIcEEEEONSt16remove_referenceIT_E4typeEOS9_
FN:97,98,_ZSt4moveIRSaIcEEONSt16remove_referenceIT_E4typeEOS3_
FN:97,98,_ZSt4moveIRSt10shared_ptrIN7testing8internal26ParameterizedTestSuiteInfoI21ErrorHandlingHelpTestE8TestInfoEEEONSt16remove_referenceIT_E4typeEOSA_
FN:97,98,_ZSt4moveIRSt10shared_ptrIN7testing8internal26ParameterizedTestSuiteInfoI26ErrorHandlingTestArgumentsE8TestInfoEEEONSt16remove_referenceIT_E4typeEOSA_
FNDA:20,_ZSt9addressofIK13ArgumentsCaseEPT_RS2_
FNDA:14,_ZSt9addressofIK9ErrorCaseEPT_RS2_
FNDA:20,_ZSt11__addressofIK13ArgumentsCaseEPT_RS2_
FNDA:14,_ZSt11__addressofIK9ErrorCaseEPT_RS2_
FNDA:2,_ZSt11__addressofIN7testing8internal26ParameterizedTestSuiteInfoI21ErrorHandlingHelpTestE17InstantiationInfoEEPT_RS6_
FNDA:2,_ZSt11__addressofIN7testing8internal26ParameterizedTestSuiteInfoI26ErrorHandlingTestArgumentsE17InstantiationInfoEEPT_RS6_
FNDA:2,_ZSt11__addressofISt10shared_ptrIN7testing8internal26ParameterizedTestSuiteInfoI21ErrorHandlingHelpTestE8TestInfoEEEPT_RS8_
FNDA:2,_ZSt11__addressofISt10shared_ptrIN7testing8internal26ParameterizedTestSuiteInfoI26ErrorHandlingTestArgumentsE8TestInfoEEEPT_RS8_
FNDA:60,_ZSt7forwardI13ArgumentsCaseEOT_RNSt16remove_referenceIS1_E4typeE
FNDA:42,_ZSt7forwardI9ErrorCaseEOT_RNSt16remove_referenceIS1_E4typeE
FNDA:0,_ZSt7forwardIN7testing8internal10ValueArrayIJ13ArgumentsCaseS3_S3_S3_S3_S3_S3_S3_S3_S3_EEEEOT_RNSt16remove_referenceIS5_E4typeE
FNDA:0,_ZSt7forwardIN7testing8internal10ValueArrayIJ9ErrorCaseS3_S3_S3_S3_S3_S3_EEEEOT_RNSt16remove_referenceIS5_E4typeE
FNDA:8,_ZSt7forwardIN7testing8internal26ParameterizedTestSuiteInfoI21ErrorHandlingHelpTestE17InstantiationInfoEEOT_RNSt16remove_referenceIS6_E4typeE
FNDA:8,_ZSt7forwardIN7testing8internal26ParameterizedTestSuiteInfoI26ErrorHandlingTestArgumentsE17InstantiationInfoEEOT_RNSt16remove_referenceIS6_E4typeE
FNDA:16,_ZSt7forwardIPN7testing8internal30ParameterizedTestSuiteInfoBaseEEOT_RNSt16remove_referenceIS4_E4typeE
FNDA:238,_ZSt7forwardIRKNSt7__cxx1112basic_stringIcSt11char_traitsIcESaIcEEEEOT_RNSt16remove_referenceIS8_E4typeE
FNDA:34,_ZSt7forwardIRPSt13_Rb_tree_nodeINSt7__cxx1112basic_stringIcSt11char_traitsIcESaIcEEEEEOT_RNSt16remove_referenceISA_E4typeE
FNDA:34,_ZSt7forwardIRPSt18_Rb_tree_node_baseEOT_RNSt16remove_referenceIS3_E4typeE
FNDA:34,_ZSt7forwardIRSt17_Rb_tree_iteratorINSt7__cxx1112basic_stringIcSt11char_traitsIcESaIcEEEEEOT_RNSt16remove_referenceIS9_E4typeE
FNDA:34,_ZSt7forwardIRbEOT_RNSt16remove_referenceIS1_E4typeE
FNDA:8,_ZSt7forwardISt10shared_ptrIN7testing8internal26ParameterizedTestSuiteInfoI21ErrorHandlingHelpTestE8TestInfoEEEOT_RNSt16remove_referenceIS8_E4typeE
FNDA:8,_ZSt7forwardISt10shared_ptrIN7testing8internal26ParameterizedTestSuiteInfoI26ErrorHandlingTestArgumentsE8TestInfoEEEOT_RNSt16remove_referenceIS8_E4typeE
FNDA:34,_ZSt7forwardISt17_Rb_tree_iteratorINSt7__cxx1112basic_stringIcSt11char_traitsIcESaIcEEEEEOT_RNSt16remove_referenceIS8_E4typeE
FNDA:34,_ZSt7forwardIbEOT_RNSt16remove_referenceIS0_E4typeE
FNDA:40,_ZSt4moveIR13ArgumentsCaseEONSt16remove_referenceIT_E4typeEOS3_
FNDA:28,_ZSt4moveIR9ErrorCaseEONSt16remove_referenceIT_E4typeEOS3_
FNDA:2,_ZSt4moveIRN7testing8internal26ParameterizedTestSuiteInfoI21ErrorHandlingHelpTestE17InstantiationInfoEEONSt16remove_referenceIT_E4typeEOS8_
FNDA:2,_ZSt4moveIRN7testing8internal26ParameterizedTestSuiteInfoI26ErrorHandlingTestArgumentsE17InstantiationInfoEEONSt16remove_referenceIT_E4typeEOS8_
FNDA:40,_ZSt4moveIRPK13ArgumentsCaseEONSt16remove_referenceIT_E4typeEOS5_
FNDA:28,_ZSt4moveIRPK9ErrorCaseEONSt16remove_referenceIT_E4typeEOS5_
FNDA:2,_ZSt4moveIRPN7testing8internal19TestMetaFactoryBaseI13ArgumentsCaseEEEONSt16remove_referenceIT_E4typeEOS8_
FNDA:2,_ZSt4moveIRPN7testing8internal19TestMetaFactoryBaseI9ErrorCaseEEEONSt16remove_referenceIT_E4typeEOS8_
FNDA:24,_ZSt4moveIRPN7testing8internal22ParamIteratorInterfaceI13ArgumentsCaseEEEONSt16remove_referenceIT_E4typeEOS8_
FNDA:18,_ZSt4moveIRPN7testing8internal22ParamIteratorInterfaceI9ErrorCaseEEEONSt16remove_referenceIT_E4typeEOS8_
FNDA:4,_ZSt4moveIRPN7testing8internal30ParameterizedTestSuiteInfoBaseEEONSt16remove_referenceIT_E4typeEOS6_
FNDA:0,_ZSt4moveIRPNSt7__cxx1112basic_stringIcSt11char_traitsIcESaIcEEEEONSt16remove_referenceIT_E4typeEOS9_
FNDA:68,_ZSt4moveIRPNSt7__cxx1118basic_stringstreamIcSt11char_traitsIcESaIcEEEEONSt16remove_referenceIT_E4typeEOS9_
FNDA:0,_ZSt4moveIRSaIcEEONSt16remove_referenceIT_E4typeEOS3_
FNDA:4,_ZSt4moveIRSt10shared_ptrIN7testing8internal26ParameterizedTestSuiteInfoI21ErrorHandlingHelpTestE8TestInfoEEEONSt16remove_referenceIT_E4typeEOSA_
FNDA:4,_ZSt4moveIRSt10shared_ptrIN7testing8internal26ParameterizedTestSuiteInfoI26ErrorHandlingTestArgumentsE8TestInfoEEEONSt16remove_referenceIT_E4typeEOSA_
FNF:40
FNH:36
DA:51,42
DA:52,42
DA:70,592
DA:71,592
DA:97,266
DA:98,266
DA:138,34
DA:139,34
LF:8
LH:8
end_of_record
TN:
SF:/usr/include/c++/13/bits/new_allocator.h
FN:104,104,_ZNSt15__new_allocatorI13ArgumentsCaseED2Ev
FN:104,104,_ZNSt15__new_allocatorI9ErrorCaseED2Ev
FN:104,104,_ZNSt15__new_allocatorIN7testing8internal26ParameterizedTestSuiteInfoI21ErrorHandlingHelpTestE17InstantiationInfoEED2Ev
FN:104,104,_ZNSt15__new_allocatorIN7testing8internal26ParameterizedTestSuiteInfoI26ErrorHandlingTestArgumentsE17InstantiationInfoEED2Ev
FN:104,104,_ZNSt15__new_allocatorISt10shared_ptrIN7testing8internal26ParameterizedTestSuiteInfoI21ErrorHandlingHelpTestE8TestInfoEEED2Ev
FN:104,104,_ZNSt15__new_allocatorISt10shared_ptrIN7testing8internal26ParameterizedTestSuiteInfoI26ErrorHandlingTestArgumentsE8TestInfoEEED2Ev
FN:104,104,_ZNSt15__new_allocatorISt13_Rb_tree_nodeINSt7__cxx1112basic_stringIcSt11char_traitsIcESaIcEEEEED2Ev
FN:104,104,_ZNSt15__new_allocatorIcED2Ev
FN:126,152,_ZNSt15__new_allocatorI13ArgumentsCaseE8allocateEmPKv
FN:126,152,_ZNSt15__new_allocatorI9ErrorCaseE8allocateEmPKv
FN:126,152,_ZNSt15__new_allocatorIN7testing8internal26ParameterizedTestSuiteInfoI21ErrorHandlingHelpTestE17InstantiationInfoEE8allocateEmPKv
FN:126,152,_ZNSt15__new_allocatorIN7testing8internal26ParameterizedTestSuiteInfoI26ErrorHandlingTestArgumentsE17InstantiationInfoEE8allocateEmPKv
FN:126,152,_ZNSt15__new_allocatorIPN7testing8internal30ParameterizedTestSuiteInfoBaseEE8allocateEmPKv
FN:126,152,_ZNSt15__new_allocatorISt10shared_ptrIN7testing8internal26ParameterizedTestSuiteInfoI21ErrorHandlingHelpTestE8TestInfoEEE8allocateEmPKv
FN:126,152,_ZNSt15__new_allocatorISt10shared_ptrIN7testing8internal26ParameterizedTestSuiteInfoI26ErrorHandlingTestArgumentsE8TestInfoEEE8allocateEmPKv
FN:126,152,_ZNSt15__new_allocatorISt13_Rb_tree_nodeINSt7__cxx1112basic_stringIcSt11char_traitsIcESaIcEEEEE8allocateEmPKv
FN:156,173,_ZNSt15__new_allocatorI13ArgumentsCaseE10deallocateEPS0_m
FN:156,173,_ZNSt15__new_allocatorI9ErrorCaseE10deallocateEPS0_m
FN:156,173,_ZNSt15__new_allocatorIN7testing8internal26ParameterizedTestSuiteInfoI21ErrorHandlingHelpTestE17InstantiationInfoEE10deallocateEPS5_m
FN:156,173,_ZNSt15__new_allocatorIN7testing8internal26ParameterizedTestSuiteInfoI26ErrorHandlingTestArgumentsE17InstantiationInfoEE10deallocateEPS5_m
FN:156,173,_ZNSt15__new_allocatorIPN7testing8internal30ParameterizedTestSuiteInfoBaseEE10deallocateEPS3_m
FN:156,173,_ZNSt15__new_allocatorISt10shared_ptrIN7testing8internal26ParameterizedTestSuiteInfoI21ErrorHandlingHelpTestE8TestInfoEEE10deallocateEPS7_m
FN:156,173,_ZNSt15__new_allocatorISt10shared_ptrIN7testing8internal26ParameterizedTestSuiteInfoI26ErrorHandlingTestArgumentsE8TestInfoEEE10deallocateEPS7_m
FN:156,173,_ZNSt15__new_allocatorISt13_Rb_tree_nodeINSt7__cxx1112basic_stringIcSt11char_traitsIcESaIcEEEEE10deallocateEPS7_m
FNDA:12,_ZNSt15__new_allocatorI13ArgumentsCaseED2Ev
FNDA:12,_ZNSt15__new_allocatorI9ErrorCaseED2Ev
FNDA:2,_ZNSt15__new_allocatorIN7testing8internal26ParameterizedTestSuiteInfoI21ErrorHandlingHelpTestE17InstantiationInfoEED2Ev
FNDA:2,_ZNSt15__new_allocatorIN7testing8internal26ParameterizedTestSuiteInfoI26ErrorHandlingTestArgumentsE17InstantiationInfoEED2Ev
FNDA:2,_ZNSt15__new_allocatorISt10shared_ptrIN7testing8internal26ParameterizedTestSuiteInfoI21ErrorHandlingHelpTestE8TestInfoEEED2Ev
FNDA:2,_ZNSt15__new_allocatorISt10shared_ptrIN7testing8internal26ParameterizedTestSuiteInfoI26ErrorHandlingTestArgumentsE8TestInfoEEED2Ev
FNDA:4,_ZNSt15__new_allocatorISt13_Rb_tree_nodeINSt7__cxx1112basic_stringIcSt11char_traitsIcESaIcEEEEED2Ev
FNDA:97,_ZNSt15__new_allocatorIcED2Ev
FNDA:4,_ZNSt15__new_allocatorI13ArgumentsCaseE8allocateEmPKv
FNDA:4,_ZNSt15__new_allocatorI9ErrorCaseE8allocateEmPKv
FNDA:2,_ZNSt15__new_allocatorIN7testing8internal26ParameterizedTestSuiteInfoI21ErrorHandlingHelpTestE17InstantiationInfoEE8allocateEmPKv
FNDA:2,_ZNSt15__new_allocatorIN7testing8internal26ParameterizedTestSuiteInfoI26ErrorHandlingTestArgumentsE17InstantiationInfoEE8allocateEmPKv
FNDA:4,_ZNSt15__new_allocatorIPN7testing8internal30ParameterizedTestSuiteInfoBaseEE8allocateEmPKv
FNDA:2,_ZNSt15__new_allocatorISt10shared_ptrIN7testing8internal26ParameterizedTestSuiteInfoI21ErrorHandlingHelpTestE8TestInfoEEE8allocateEmPKv
FNDA:2,_ZNSt15__new_allocatorISt10shared_ptrIN7testing8internal26ParameterizedTestSuiteInfoI26ErrorHandlingTestArgumentsE8TestInfoEEE8allocateEmPKv
FNDA:34,_ZNSt15__new_allocatorISt13_Rb_tree_nodeINSt7__cxx1112basic_stringIcSt11char_traitsIcESaIcEEEEE8allocateEmPKv
FNDA:4,_ZNSt15__new_allocatorI13ArgumentsCaseE10deallocateEPS0_m
FNDA:4,_ZNSt15__new_allocatorI9ErrorCaseE10deallocateEPS0_m
FNDA:2,_ZNSt15__new_allocatorIN7testing8internal26ParameterizedTestSuiteInfoI21ErrorHandlingHelpTestE17InstantiationInfoEE10deallocateEPS5_m
FNDA:2,_ZNSt15__new_allocatorIN7testing8internal26ParameterizedTestSuiteInfoI26ErrorHandlingTestArgumentsE17InstantiationInfoEE10deallocateEPS5_m
FNDA:2,_ZNSt15__new_allocatorIPN7testing8internal30ParameterizedTestSuiteInfoBaseEE10deallocateEPS3_m
FNDA:2,_ZNSt15__new_allocatorISt10shared_ptrIN7testing8internal26ParameterizedTestSuiteInfoI21ErrorHandlingHelpTestE8TestInfoEEE10deallocateEPS7_m
FNDA:2,_ZNSt15__new_allocatorISt10shared_ptrIN7testing8internal26ParameterizedTestSuiteInfoI26ErrorHandlingTestArgumentsE8TestInfoEEE10deallocateEPS7_m
FNDA:34,_ZNSt15__new_allocatorISt13_Rb_tree_nodeINSt7__cxx1112basic_stringIcSt11char_traitsIcESaIcEEEEE10deallocateEPS7_m
FNF:24
FNH:24
DA:88,93
DA:92,20
DA:104,133
DA:126,54
DA:134,54
DA:138,0
DA:139,0
DA:140,0
DA:151,54
DA:156,52
DA:172,52
DA:183,32
DA:191,46
DA:198,34
DA:233,86
LF:15
LH:12
end_of_record
TN:
SF:/usr/include/c++/13/bits/shared_ptr.h
FN:204,204,_ZNSt10shared_ptrIN7testing8internal26ParameterizedTestSuiteInfoI21ErrorHandlingHelpTestE8TestInfoEEC2ERKS6_
FN:204,204,_ZNSt10shared_ptrIN7testing8internal26ParameterizedTestSuiteInfoI26ErrorHandlingTestArgumentsE8TestInfoEEC2ERKS6_
FN:214,214,_ZNSt10shared_ptrIKN7testing8internal23ParamGeneratorInterfaceI13ArgumentsCaseEEEC2IS4_vEEPT_
FN:214,214,_ZNSt10shared_ptrIKN7testing8internal23ParamGeneratorInterfaceI9ErrorCaseEEEC2IS4_vEEPT_
FN:214,214,_ZNSt10shared_ptrIN7testing8internal26ParameterizedTestSuiteInfoI21ErrorHandlingHelpTestE8TestInfoEEC2IS5_vEEPT_
FN:214,214,_ZNSt10shared_ptrIN7testing8internal26ParameterizedTestSuiteInfoI26ErrorHandlingTestArgumentsE8TestInfoEEC2IS5_vEEPT_
FN:359,360,_ZNSt10shared_ptrIN7testing8internal26ParameterizedTestSuiteInfoI21ErrorHandlingHelpTestE8TestInfoEEC2EOS6_
FN:359,360,_ZNSt10shared_ptrIN7testing8internal26ParameterizedTestSuiteInfoI26ErrorHandlingTestArgumentsE8TestInfoEEC2EOS6_
FNDA:2,_ZNSt10shared_ptrIN7testing8internal26ParameterizedTestSuiteInfoI21ErrorHandlingHelpTestE8TestInfoEEC2ERKS6_
FNDA:2,_ZNSt10shared_ptrIN7testing8internal26ParameterizedTestSuiteInfoI26ErrorHandlingTestArgumentsE8TestInfoEEC2ERKS6_
FNDA:2,_ZNSt10shared_ptrIKN7testing8internal23ParamGeneratorInterfaceI13ArgumentsCaseEEEC2IS4_vEEPT_
FNDA:2,_ZNSt10shared_ptrIKN7testing8internal23ParamGeneratorInterfaceI9ErrorCaseEEEC2IS4_vEEPT_
FNDA:2,_ZNSt10shared_ptrIN7testing8internal26ParameterizedTestSuiteInfoI21ErrorHandlingHelpTestE8TestInfoEEC2IS5_vEEPT_
FNDA:2,_ZNSt10shared_ptrIN7testing8internal26ParameterizedTestSuiteInfoI26ErrorHandlingTestArgumentsE8TestInfoEEC2IS5_vEEPT_
FNDA:2,_ZNSt10shared_ptrIN7testing8internal26ParameterizedTestSuiteInfoI21ErrorHandlingHelpTestE8TestInfoEEC2EOS6_
FNDA:2,_ZNSt10shared_ptrIN7testing8internal26ParameterizedTestSuiteInfoI26ErrorHandlingTestArgumentsE8TestInfoEEC2EOS6_
FNF:8
FNH:8
DA:204,4
DA:214,8
DA:359,4
DA:360,4
LF:4
LH:4
end_of_record
TN:
SF:/usr/include/c++/13/bits/shared_ptr_base.h
FN:1068,1072,_ZNSt14__shared_countILN9__gnu_cxx12_Lock_policyE2EED2Ev
FN:1074,1079,_ZNSt14__shared_countILN9__gnu_cxx12_Lock_policyE2EEC2ERKS2_
FN:1097,1102,_ZNSt14__shared_countILN9__gnu_cxx12_Lock_policyE2EE7_M_swapERS2_
FN:129,130,_ZNSt16_Sp_counted_baseILN9__gnu_cxx12_Lock_policyE2EEC2Ev
FN:133,134,_ZNSt16_Sp_counted_baseILN9__gnu_cxx12_Lock_policyE2EED0Ev
FN:133,134,_ZNSt16_Sp_counted_baseILN9__gnu_cxx12_Lock_policyE2EED2Ev
FN:1354,1358,_ZNKSt19__shared_ptr_accessIKN7testing8internal23ParamGeneratorInterfaceI13ArgumentsCaseEELN9__gnu_cxx12_Lock_policyE2ELb0ELb0EEptEv
FN:1354,1358,_ZNKSt19__shared_ptr_accessIKN7testing8internal23ParamGeneratorInterfaceI9ErrorCaseEELN9__gnu_cxx12_Lock_policyE2ELb0ELb0EEptEv
FN:1354,1358,_ZNKSt19__shared_ptr_accessIN7testing8internal26ParameterizedTestSuiteInfoI21ErrorHandlingHelpTestE8TestInfoELN9__gnu_cxx12_Lock_policyE2ELb0ELb0EEptEv
FN:1354,1358,_ZNKSt19__shared_ptr_accessIN7testing8internal26ParameterizedTestSuiteInfoI26ErrorHandlingTestArgumentsE8TestInfoELN9__gnu_cxx12_Lock_policyE2ELb0ELb0EEptEv
FN:1362,1363,_ZNKSt19__shared_ptr_accessIKN7testing8internal23ParamGeneratorInterfaceI13ArgumentsCaseEELN9__gnu_cxx12_Lock_policyE2ELb0ELb0EE6_M_getEv
FN:1362,1363,_ZNKSt19__shared_ptr_accessIKN7testing8internal23ParamGeneratorInterfaceI9ErrorCaseEELN9__gnu_cxx12_Lock_policyE2ELb0ELb0EE6_M_getEv
FN:1362,1363,_ZNKSt19__shared_ptr_accessIN7testing8internal26ParameterizedTestSuiteInfoI21ErrorHandlingHelpTestE8TestInfoELN9__gnu_cxx12_Lock_policyE2ELb0ELb0EE6_M_getEv
FN:1362,1363,_ZNKSt19__shared_ptr_accessIN7testing8internal26ParameterizedTestSuiteInfoI26ErrorHandlingTestArgumentsE8TestInfoELN9__gnu_cxx12_Lock_policyE2ELb0ELb0EE6_M_getEv
FN:143,144,_ZNSt16_Sp_counted_baseILN9__gnu_cxx12_Lock_policyE2EE10_M_destroyEv
FN:1468,1474,_ZNSt12__shared_ptrIKN7testing8internal23ParamGeneratorInterfaceI13ArgumentsCaseEELN9__gnu_cxx12_Lock_policyE2EEC2IS4_vEEPT_
FN:1468,1474,_ZNSt12__shared_ptrIKN7testing8internal23ParamGeneratorInterfaceI9ErrorCaseEELN9__gnu_cxx12_Lock_policyE2EEC2IS4_vEEPT_
FN:1468,1474,_ZNSt12__shared_ptrIN7testing8internal26ParameterizedTestSuiteInfoI21ErrorHandlingHelpTestE8TestInfoELN9__gnu_cxx12_Lock_policyE2EEC2IS5_vEEPT_
FN:1468,1474,_ZNSt12__shared_ptrIN7testing8internal26ParameterizedTestSuiteInfoI26ErrorHandlingTestArgumentsE8TestInfoELN9__gnu_cxx12_Lock_policyE2EEC2IS5_vEEPT_
FN:151,152,_ZNSt16_Sp_counted_baseILN9__gnu_cxx12_Lock_policyE2EE15_M_add_ref_copyEv
FN:1522,1522,_ZNSt12__shared_ptrIN7testing8internal26ParameterizedTestSuiteInfoI21ErrorHandlingHelpTestE8TestInfoELN9__gnu_cxx12_Lock_policyE2EEC2ERKS8_
FN:1522,1522,_ZNSt12__shared_ptrIN7testing8internal26ParameterizedTestSuiteInfoI26ErrorHandlingTestArgumentsE8TestInfoELN9__gnu_cxx12_Lock_policyE2EEC2ERKS8_
FN:1524,1524,_ZNSt12__shared_ptrIKN7testing8internal23ParamGeneratorInterfaceI13ArgumentsCaseEELN9__gnu_cxx12_Lock_policyE2EED2Ev
FN:1524,1524,_ZNSt12__shared_ptrIKN7testing8internal23ParamGeneratorInterfaceI9ErrorCaseEELN9__gnu_cxx12_Lock_policyE2EED2Ev
FN:1524,1524,_ZNSt12__shared_ptrIN7testing8internal26ParameterizedTestSuiteInfoI21ErrorHandlingHelpTestE8TestInfoELN9__gnu_cxx12_Lock_policyE2EED2Ev
FN:1524,1524,_ZNSt12__shared_ptrIN7testing8internal26ParameterizedTestSuiteInfoI26ErrorHandlingTestArgumentsE8TestInfoELN9__gnu_cxx12_Lock_policyE2EED2Ev
FN:1531,1536,_ZNSt12__shared_ptrIN7testing8internal26ParameterizedTestSuiteInfoI21ErrorHandlingHelpTestE8TestInfoELN9__gnu_cxx12_Lock_policyE2EEC2EOS8_
FN:1531,1536,_ZNSt12__shared_ptrIN7testing8internal26ParameterizedTestSuiteInfoI26ErrorHandlingTestArgumentsE8TestInfoELN9__gnu_cxx12_Lock_policyE2EEC2EOS8_
FN:1665,1666,_ZNKSt12__shared_ptrIKN7testing8internal23ParamGeneratorInterfaceI13ArgumentsCaseEELN9__gnu_cxx12_Lock_policyE2EE3getEv
FN:1665,1666,_ZNKSt12__shared_ptrIKN7testing8internal23ParamGeneratorInterfaceI9ErrorCaseEELN9__gnu_cxx12_Lock_policyE2EE3getEv
FN:1665,1666,_ZNKSt12__shared_ptrIN7testing8internal26ParameterizedTestSuiteInfoI21ErrorHandlingHelpTestE8TestInfoELN9__gnu_cxx12_Lock_policyE2EE3getEv
FN:1665,1666,_ZNKSt12__shared_ptrIN7testing8internal26ParameterizedTestSuiteInfoI26ErrorHandlingTestArgumentsE8TestInfoELN9__gnu_cxx12_Lock_policyE2EE3getEv
FN:172,193,_ZNSt16_Sp_counted_baseILN9__gnu_cxx12_Lock_policyE2EE19_M_release_last_useEv
FN:1765,1766,_ZNSt12__shared_ptrIKN7testing8internal23ParamGeneratorInterfaceI13ArgumentsCaseEELN9__gnu_cxx12_Lock_policyE2EE31_M_enable_shared_from_this_withIS4_S4_EENSt9enable_ifIXntsrNS8_15__has_esft_baseIT0_vEE5valueEvE4typeEPT_
FN:1765,1766,_ZNSt12__shared_ptrIKN7testing8internal23ParamGeneratorInterfaceI9ErrorCaseEELN9__gnu_cxx12_Lock_policyE2EE31_M_enable_shared_from_this_withIS4_S4_EENSt9enable_ifIXntsrNS8_15__has_esft_baseIT0_vEE5valueEvE4typeEPT_
FN:1765,1766,_ZNSt12__shared_ptrIN7testing8internal26ParameterizedTestSuiteInfoI21ErrorHandlingHelpTestE8TestInfoELN9__gnu_cxx12_Lock_policyE2EE31_M_enable_shared_from_this_withIS5_S5_EENSt9enable_ifIXntsrNS8_15__has_esft_baseIT0_vEE5valueEvE4typeEPT_
FN:1765,1766,_ZNSt12__shared_ptrIN7testing8internal26ParameterizedTestSuiteInfoI26ErrorHandlingTestArgumentsE8TestInfoELN9__gnu_cxx12_Lock_policyE2EE31_M_enable_shared_from_this_withIS5_S5_EENSt9enable_ifIXntsrNS8_15__has_esft_baseIT0_vEE5valueEvE4typeEPT_
FN:198,199,_ZNSt16_Sp_counted_baseILN9__gnu_cxx12_Lock_policyE2EE24_M_release_last_use_coldEv
FN:317,363,_ZNSt16_Sp_counted_baseILN9__gnu_cxx12_Lock_policyE2EE10_M_releaseEv
FN:423,424,_ZNSt15_Sp_counted_ptrIPN7testing8internal23ParamGeneratorInterfaceI13ArgumentsCaseEELN9__gnu_cxx12_Lock_policyE2EEC2ES5_
FN:423,424,_ZNSt15_Sp_counted_ptrIPN7testing8internal23ParamGeneratorInterfaceI9ErrorCaseEELN9__gnu_cxx12_Lock_policyE2EEC2ES5_
FN:423,424,_ZNSt15_Sp_counted_ptrIPN7testing8internal26ParameterizedTestSuiteInfoI21ErrorHandlingHelpTestE8TestInfoELN9__gnu_cxx12_Lock_policyE2EEC2ES6_
FN:423,424,_ZNSt15_Sp_counted_ptrIPN7testing8internal26ParameterizedTestSuiteInfoI26ErrorHandlingTestArgumentsE8TestInfoELN9__gnu_cxx12_Lock_policyE2EEC2ES6_
FN:427,428,_ZNSt15_Sp_counted_ptrIPN7testing8internal23ParamGeneratorInterfaceI13ArgumentsCaseEELN9__gnu_cxx12_Lock_policyE2EE10_M_disposeEv
FN:427,428,_ZNSt15_Sp_counted_ptrIPN7testing8internal23ParamGeneratorInterfaceI9ErrorCaseEELN9__gnu_cxx12_Lock_policyE2EE10_M_disposeEv
FN:427,428,_ZNSt15_Sp_counted_ptrIPN7testing8internal26ParameterizedTestSuiteInfoI21ErrorHandlingHelpTestE8TestInfoELN9__gnu_cxx12_Lock_policyE2EE10_M_disposeEv
FN:427,428,_ZNSt15_Sp_counted_ptrIPN7testing8internal26ParameterizedTestSuiteInfoI26ErrorHandlingTestArgumentsE8TestInfoELN9__gnu_cxx12_Lock_policyE2EE10_M_disposeEv
FN:431,432,_ZNSt15_Sp_counted_ptrIPN7testing8internal23ParamGeneratorInterfaceI13ArgumentsCaseEELN9__gnu_cxx12_Lock_policyE2EE10_M_destroyEv
FN:431,432,_ZNSt15_Sp_counted_ptrIPN7testing8internal23ParamGeneratorInterfaceI9ErrorCaseEELN9__gnu_cxx12_Lock_policyE2EE10_M_destroyEv
FN:431,432,_ZNSt15_Sp_counted_ptrIPN7testing8internal26ParameterizedTestSuiteInfoI21ErrorHandlingHelpTestE8TestInfoELN9__gnu_cxx12_Lock_policyE2EE10_M_destroyEv
FN:431,432,_ZNSt15_Sp_counted_ptrIPN7testing8internal26ParameterizedTestSuiteInfoI26ErrorHandlingTestArgumentsE8TestInfoELN9__gnu_cxx12_Lock_policyE2EE10_M_destroyEv
FN:435,436,_ZNSt15_Sp_counted_ptrIPN7testing8internal23ParamGeneratorInterfaceI13ArgumentsCaseEELN9__gnu_cxx12_Lock_policyE2EE14_M_get_deleterERKSt9type_info
FN:435,436,_ZNSt15_Sp_counted_ptrIPN7testing8internal23ParamGeneratorInterfaceI9ErrorCaseEELN9__gnu_cxx12_Lock_policyE2EE14_M_get_deleterERKSt9type_info
FN:435,436,_ZNSt15_Sp_counted_ptrIPN7testing8internal26ParameterizedTestSuiteInfoI21ErrorHandlingHelpTestE8TestInfoELN9__gnu_cxx12_Lock_policyE2EE14_M_get_deleterERKSt9type_info
FN:435,436,_ZNSt15_Sp_counted_ptrIPN7testing8internal26ParameterizedTestSuiteInfoI26ErrorHandlingTestArgumentsE8TestInfoELN9__gnu_cxx12_Lock_policyE2EE14_M_get_deleterERKSt9type_info
FN:908,909,_ZNSt14__shared_countILN9__gnu_cxx12_Lock_policyE2EEC2Ev
FN:913,924,_ZNSt14__shared_countILN9__gnu_cxx12_Lock_policyE2EEC2IPN7testing8internal23ParamGeneratorInterfaceI13ArgumentsCaseEEEET_
FN:913,924,_ZNSt14__shared_countILN9__gnu_cxx12_Lock_policyE2EEC2IPN7testing8internal23ParamGeneratorInterfaceI9ErrorCaseEEEET_
FN:913,924,_ZNSt14__shared_countILN9__gnu_cxx12_Lock_policyE2EEC2IPN7testing8internal26ParameterizedTestSuiteInfoI21ErrorHandlingHelpTestE8TestInfoEEET_
FN:913,924,_ZNSt14__shared_countILN9__gnu_cxx12_Lock_policyE2EEC2IPN7testing8internal26ParameterizedTestSuiteInfoI26ErrorHandlingTestArgumentsE8TestInfoEEET_
FN:927,929,_ZNSt14__shared_countILN9__gnu_cxx12_Lock_policyE2EEC2IPN7testing8internal23ParamGeneratorInterfaceI13ArgumentsCaseEEEET_St17integral_constantIbLb0EE
FN:927,929,_ZNSt14__shared_countILN9__gnu_cxx12_Lock_policyE2EEC2IPN7testing8internal23ParamGeneratorInterfaceI9ErrorCaseEEEET_St17integral_constantIbLb0EE
FN:927,929,_ZNSt14__shared_countILN9__gnu_cxx12_Lock_policyE2EEC2IPN7testing8internal26ParameterizedTestSuiteInfoI21ErrorHandlingHelpTestE8TestInfoEEET_St17integral_constantIbLb0EE
FN:927,929,_ZNSt14__shared_countILN9__gnu_cxx12_Lock_policyE2EEC2IPN7testing8internal26ParameterizedTestSuiteInfoI26ErrorHandlingTestArgumentsE8TestInfoEEET_St17integral_constantIbLb0EE
FNDA:16,_ZNSt14__shared_countILN9__gnu_cxx12_Lock_policyE2EED2Ev
FNDA:4,_ZNSt14__shared_countILN9__gnu_cxx12_Lock_policyE2EEC2ERKS2_
FNDA:4,_ZNSt14__shared_countILN9__gnu_cxx12_Lock_policyE2EE7_M_swapERS2_
FNDA:8,_ZNSt16_Sp_counted_baseILN9__gnu_cxx12_Lock_policyE2EEC2Ev
FNDA:0,_ZNSt16_Sp_counted_baseILN9__gnu_cxx12_Lock_policyE2EED0Ev
FNDA:8,_ZNSt16_Sp_counted_baseILN9__gnu_cxx12_Lock_policyE2EED2Ev
FNDA:24,_ZNKSt19__shared_ptr_accessIKN7testing8internal23ParamGeneratorInterfaceI13ArgumentsCaseEELN9__gnu_cxx12_Lock_policyE2ELb0ELb0EEptEv
FNDA:18,_ZNKSt19__shared_ptr_accessIKN7testing8internal23ParamGeneratorInterfaceI9ErrorCaseEELN9__gnu_cxx12_Lock_policyE2ELb0ELb0EEptEv
FNDA:58,_ZNKSt19__shared_ptr_accessIN7testing8internal26ParameterizedTestSuiteInfoI21ErrorHandlingHelpTestE8TestInfoELN9__gnu_cxx12_Lock_policyE2ELb0ELb0EEptEv
FNDA:82,_ZNKSt19__shared_ptr_accessIN7testing8internal26ParameterizedTestSuiteInfoI26ErrorHandlingTestArgumentsE8TestInfoELN9__gnu_cxx12_Lock_policyE2ELb0ELb0EEptEv
FNDA:24,_ZNKSt19__shared_ptr_accessIKN7testing8internal23ParamGeneratorInterfaceI13ArgumentsCaseEELN9__gnu_cxx12_Lock_policyE2ELb0ELb0EE6_M_getEv
FNDA:18,_ZNKSt19__shared_ptr_accessIKN7testing8internal23ParamGeneratorInterfaceI9ErrorCaseEELN9__gnu_cxx12_Lock_policyE2ELb0ELb0EE6_M_getEv
FNDA:58,_ZNKSt19__shared_ptr_accessIN7testing8internal26ParameterizedTestSuiteInfoI21ErrorHandlingHelpTestE8TestInfoELN9__gnu_cxx12_Lock_policyE2ELb0ELb0EE6_M_getEv
FNDA:82,_ZNKSt19__shared_ptr_accessIN7testing8internal26ParameterizedTestSuiteInfoI26ErrorHandlingTestArgumentsE8TestInfoELN9__gnu_cxx12_Lock_policyE2ELb0ELb0EE6_M_getEv
FNDA:0,_ZNSt16_Sp_counted_baseILN9__gnu_cxx12_Lock_policyE2EE10_M_destroyEv
FNDA:2,_ZNSt12__shared_ptrIKN7testing8internal23ParamGeneratorInterfaceI13ArgumentsCaseEELN9__gnu_cxx12_Lock_policyE2EEC2IS4_vEEPT_
FNDA:2,_ZNSt12__shared_ptrIKN7testing8internal23ParamGeneratorInterfaceI9ErrorCaseEELN9__gnu_cxx12_Lock_policyE2EEC2IS4_vEEPT_
FNDA:2,_ZNSt12__shared_ptrIN7testing8internal26ParameterizedTestSuiteInfoI21ErrorHandlingHelpTestE8TestInfoELN9__gnu_cxx12_Lock_policyE2EEC2IS5_vEEPT_
FNDA:2,_ZNSt12__shared_ptrIN7testing8internal26ParameterizedTestSuiteInfoI26ErrorHandlingTestArgumentsE8TestInfoELN9__gnu_cxx12_Lock_policyE2EEC2IS5_vEEPT_
FNDA:4,_ZNSt16_Sp_counted_baseILN9__gnu_cxx12_Lock_policyE2EE15_M_add_ref_copyEv
FNDA:2,_ZNSt12__shared_ptrIN7testing8internal26ParameterizedTestSuiteInfoI21ErrorHandlingHelpTestE8TestInfoELN9__gnu_cxx12_Lock_policyE2EEC2ERKS8_
FNDA:2,_ZNSt12__shared_ptrIN7testing8internal26ParameterizedTestSuiteInfoI26ErrorHandlingTestArgumentsE8TestInfoELN9__gnu_cxx12_Lock_policyE2EEC2ERKS8_
FNDA:2,_ZNSt12__shared_ptrIKN7testing8internal23ParamGeneratorInterfaceI13ArgumentsCaseEELN9__gnu_cxx12_Lock_policyE2EED2Ev
FNDA:2,_ZNSt12__shared_ptrIKN7testing8internal23ParamGeneratorInterfaceI9ErrorCaseEELN9__gnu_cxx12_Lock_policyE2EED2Ev
FNDA:6,_ZNSt12__shared_ptrIN7testing8internal26ParameterizedTestSuiteInfoI21ErrorHandlingHelpTestE8TestInfoELN9__gnu_cxx12_Lock_policyE2EED2Ev
FNDA:6,_ZNSt12__shared_ptrIN7testing8internal26ParameterizedTestSuiteInfoI26ErrorHandlingTestArgumentsE8TestInfoELN9__gnu_cxx12_Lock_policyE2EED2Ev
FNDA:2,_ZNSt12__shared_ptrIN7testing8internal26ParameterizedTestSuiteInfoI21ErrorHandlingHelpTestE8TestInfoELN9__gnu_cxx12_Lock_policyE2EEC2EOS8_
FNDA:2,_ZNSt12__shared_ptrIN7testing8internal26ParameterizedTestSuiteInfoI26ErrorHandlingTestArgumentsE8TestInfoELN9__gnu_cxx12_Lock_policyE2EEC2EOS8_
FNDA:24,_ZNKSt12__shared_ptrIKN7testing8internal23ParamGeneratorInterfaceI13ArgumentsCaseEELN9__gnu_cxx12_Lock_policyE2EE3getEv
FNDA:18,_ZNKSt12__shared_ptrIKN7testing8internal23ParamGeneratorInterfaceI9ErrorCaseEELN9__gnu_cxx12_Lock_policyE2EE3getEv
FNDA:58,_ZNKSt12__shared_ptrIN7testing8internal26ParameterizedTestSuiteInfoI21ErrorHandlingHelpTestE8TestInfoELN9__gnu_cxx12_Lock_policyE2EE3getEv
FNDA:82,_ZNKSt12__shared_ptrIN7testing8internal26ParameterizedTestSuiteInfoI26ErrorHandlingTestArgumentsE8TestInfoELN9__gnu_cxx12_Lock_policyE2EE3getEv
FNDA:0,_ZNSt16_Sp_counted_baseILN9__gnu_cxx12_Lock_policyE2EE19_M_release_last_useEv
FNDA:2,_ZNSt12__shared_ptrIKN7testing8internal23ParamGeneratorInterfaceI13ArgumentsCaseEELN9__gnu_cxx12_Lock_policyE2EE31_M_enable_shared_from_this_withIS4_S4_EENSt9enable_ifIXntsrNS8_15__has_esft_baseIT0_vEE5valueEvE4typeEPT_
FNDA:2,_ZNSt12__shared_ptrIKN7testing8internal23ParamGeneratorInterfaceI9ErrorCaseEELN9__gnu_cxx12_Lock_policyE2EE31_M_enable_shared_from_this_withIS4_S4_EENSt9enable_ifIXntsrNS8_15__has_esft_baseIT0_vEE5valueEvE4typeEPT_
FNDA:2,_ZNSt12__shared_ptrIN7testing8internal26ParameterizedTestSuiteInfoI21ErrorHandlingHelpTestE8TestInfoELN9__gnu_cxx12_Lock_policyE2EE31_M_enable_shared_from_this_withIS5_S5_EENSt9enable_ifIXntsrNS8_15__has_esft_baseIT0_vEE5valueEvE4typeEPT_
FNDA:2,_ZNSt12__shared_ptrIN7testing8internal26ParameterizedTestSuiteInfoI26ErrorHandlingTestArgumentsE8TestInfoELN9__gnu_cxx12_Lock_policyE2EE31_M_enable_shared_from_this_withIS5_S5_EENSt9enable_ifIXntsrNS8_15__has_esft_baseIT0_vEE5valueEvE4typeEPT_
FNDA:0,_ZNSt16_Sp_counted_baseILN9__gnu_cxx12_Lock_policyE2EE24_M_release_last_use_coldEv
FNDA:12,_ZNSt16_Sp_counted_baseILN9__gnu_cxx12_Lock_policyE2EE10_M_releaseEv
FNDA:2,_ZNSt15_Sp_counted_ptrIPN7testing8internal23ParamGeneratorInterfaceI13ArgumentsCaseEELN9__gnu_cxx12_Lock_policyE2EEC2ES5_
FNDA:2,_ZNSt15_Sp_counted_ptrIPN7testing8internal23ParamGeneratorInterfaceI9ErrorCaseEELN9__gnu_cxx12_Lock_policyE2EEC2ES5_
FNDA:2,_ZNSt15_Sp_counted_ptrIPN7testing8internal26ParameterizedTestSuiteInfoI21ErrorHandlingHelpTestE8TestInfoELN9__gnu_cxx12_Lock_policyE2EEC2ES6_
FNDA:2,_ZNSt15_Sp_counted_ptrIPN7testing8internal26ParameterizedTestSuiteInfoI26ErrorHandlingTestArgumentsE8TestInfoELN9__gnu_cxx12_Lock_policyE2EEC2ES6_
FNDA:2,_ZNSt15_Sp_counted_ptrIPN7testing8internal23ParamGeneratorInterfaceI13ArgumentsCaseEELN9__gnu_cxx12_Lock_policyE2EE10_M_disposeEv
FNDA:2,_ZNSt15_Sp_counted_ptrIPN7testing8internal23ParamGeneratorInterfaceI9ErrorCaseEELN9__gnu_cxx12_Lock_policyE2EE10_M_disposeEv
FNDA:2,_ZNSt15_Sp_counted_ptrIPN7testing8internal26ParameterizedTestSuiteInfoI21ErrorHandlingHelpTestE8TestInfoELN9__gnu_cxx12_Lock_policyE2EE10_M_disposeEv
FNDA:2,_ZNSt15_Sp_counted_ptrIPN7testing8internal26ParameterizedTestSuiteInfoI26ErrorHandlingTestArgumentsE8TestInfoELN9__gnu_cxx12_Lock_policyE2EE10_M_disposeEv
FNDA:2,_ZNSt15_Sp_counted_ptrIPN7testing8internal23ParamGeneratorInterfaceI13ArgumentsCaseEELN9__gnu_cxx12_Lock_policyE2EE10_M_destroyEv
FNDA:2,_ZNSt15_Sp_counted_ptrIPN7testing8internal23ParamGeneratorInterfaceI9ErrorCaseEELN9__gnu_cxx12_Lock_policyE2EE10_M_destroyEv
FNDA:2,_ZNSt15_Sp_counted_ptrIPN7testing8internal26ParameterizedTestSuiteInfoI21ErrorHandlingHelpTestE8TestInfoELN9__gnu_cxx12_Lock_policyE2EE10_M_destroyEv
FNDA:2,_ZNSt15_Sp_counted_ptrIPN7testing8internal26ParameterizedTestSuiteInfoI26ErrorHandlingTestArgumentsE8TestInfoELN9__gnu_cxx12_Lock_policyE2EE10_M_destroyEv
FNDA:0,_ZNSt15_Sp_counted_ptrIPN7testing8internal23ParamGeneratorInterfaceI13ArgumentsCaseEELN9__gnu_cxx12_Lock_policyE2EE14_M_get_deleterERKSt9type_info
FNDA:0,_ZNSt15_Sp_counted_ptrIPN7testing8internal23ParamGeneratorInterfaceI9ErrorCaseEELN9__gnu_cxx12_Lock_policyE2EE14_M_get_deleterERKSt9type_info
FNDA:0,_ZNSt15_Sp_counted_ptrIPN7testing8internal26ParameterizedTestSuiteInfoI21ErrorHandlingHelpTestE8TestInfoELN9__gnu_cxx12_Lock_policyE2EE14_M_get_deleterERKSt9type_info
FNDA:0,_ZNSt15_Sp_counted_ptrIPN7testing8internal26ParameterizedTestSuiteInfoI26ErrorHandlingTestArgumentsE8TestInfoELN9__gnu_cxx12_Lock_policyE2EE14_M_get_deleterERKSt9type_info
FNDA:4,_ZNSt14__shared_countILN9__gnu_cxx12_Lock_policyE2EEC2Ev
FNDA:2,_ZNSt14__shared_countILN9__gnu_cxx12_Lock_policyE2EEC2IPN7testing8internal23ParamGeneratorInterfaceI13ArgumentsCaseEEEET_
FNDA:2,_ZNSt14__shared_countILN9__gnu_cxx12_Lock_policyE2EEC2IPN7testing8internal23ParamGeneratorInterfaceI9ErrorCaseEEEET_
FNDA:2,_ZNSt14__shared_countILN9__gnu_cxx12_Lock_policyE2EEC2IPN7testing8internal26ParameterizedTestSuiteInfoI21ErrorHandlingHelpTestE8TestInfoEEET_
FNDA:2,_ZNSt14__shared_countILN9__gnu_cxx12_Lock_policyE2EEC2IPN7testing8internal26ParameterizedTestSuiteInfoI26ErrorHandlingTestArgumentsE8TestInfoEEET_
FNDA:2,_ZNSt14__shared_countILN9__gnu_cxx12_Lock_policyE2EEC2IPN7testing8internal23ParamGeneratorInterfaceI13ArgumentsCaseEEEET_St17integral_constantIbLb0EE
FNDA:2,_ZNSt14__shared_countILN9__gnu_cxx12_Lock_policyE2EEC2IPN7testing8internal23ParamGeneratorInterfaceI9ErrorCaseEEEET_St17integral_constantIbLb0EE
FNDA:2,_ZNSt14__shared_countILN9__gnu_cxx12_Lock_policyE2EEC2IPN7testing8internal26ParameterizedTestSuiteInfoI21ErrorHandlingHelpTestE8TestInfoEEET_St17integral_constantIbLb0EE
FNDA:2,_ZNSt14__shared_countILN9__gnu_cxx12_Lock_policyE2EEC2IPN7testing8internal26ParameterizedTestSuiteInfoI26ErrorHandlingTestArgumentsE8TestInfoEEET_St17integral_constantIbLb0EE
FNF:64
FNH:56
DA:129,8
DA:130,8
DA:133,8
DA:134,8
DA:143,0
DA:144,0
DA:151,4
DA:152,4
DA:172,0
DA:175,0
DA:187,0
DA:188,0
DA:191,0
DA:193,0
DA:198,0
DA:199,0
DA:317,12
DA:321,12
DA:324,12
DA:328,12
DA:331,12
DA:332,12
DA:333,12
DA:334,12
DA:337,12
DA:343,8
DA:346,8
DA:347,8
DA:348,8
DA:350,8
DA:351,0
DA:353,0
DA:354,0
DA:423,8
DA:424,8
DA:427,8
DA:428,8
DA:431,8
DA:432,8
DA:435,0
DA:436,0
DA:908,4
DA:909,4
DA:913,8
DA:917,8
DA:919,0
DA:921,0
DA:922,0
DA:924,8
DA:927,8
DA:928,8
DA:929,8
DA:1068,16
DA:1070,16
DA:1071,12
DA:1072,16
DA:1074,4
DA:1075,4
DA:1077,4
DA:1078,4
DA:1079,4
DA:1097,4
DA:1099,4
DA:1100,4
DA:1101,4
DA:1102,4
DA:1354,182
DA:1357,182
DA:1362,182
DA:1363,182
DA:1468,8
DA:1469,8
DA:1473,8
DA:1474,8
DA:1522,4
DA:1524,16
DA:1531,4
DA:1532,4
DA:1534,4
DA:1535,4
DA:1536,4
DA:1665,182
DA:1666,182
DA:1765,8
DA:1766,8
LF:85
LH:67
end_of_record
TN:
SF:/usr/include/c++/13/bits/stl_algobase.h
FN:233,241,_ZSt3minImERKT_S2_S2_
FN:257,265,_ZSt3maxImERKT_S2_S2_
FN:316,318,_ZSt12__niter_baseIP13ArgumentsCaseET_S2_
FN:316,318,_ZSt12__niter_baseIP9ErrorCaseET_S2_
FN:316,318,_ZSt12__niter_baseIPK13ArgumentsCaseET_S3_
FN:316,318,_ZSt12__niter_baseIPK9ErrorCaseET_S3_
FN:316,318,_ZSt12__niter_baseIPN7testing8internal26ParameterizedTestSuiteInfoI21ErrorHandlingHelpTestE17InstantiationInfoEET_S7_
FN:316,318,_ZSt12__niter_baseIPN7testing8internal26ParameterizedTestSuiteInfoI26ErrorHandlingTestArgumentsE17InstantiationInfoEET_S7_
FN:316,318,_ZSt12__niter_baseIPPN7testing8internal30ParameterizedTestSuiteInfoBaseEET_S5_
FN:316,318,_ZSt12__niter_baseIPSt10shared_ptrIN7testing8internal26ParameterizedTestSuiteInfoI21ErrorHandlingHelpTestE8TestInfoEEET_S9_
FN:316,318,_ZSt12__niter_baseIPSt10shared_ptrIN7testing8internal26ParameterizedTestSuiteInfoI26ErrorHandlingTestArgumentsE8TestInfoEEET_S9_
FN:338,339,_ZSt12__niter_wrapIP13ArgumentsCaseET_RKS2_S2_
FN:338,339,_ZSt12__niter_wrapIP9ErrorCaseET_RKS2_S2_
FN:397,398,_ZNSt11__copy_moveILb0ELb0ESt26random_access_iterator_tagE12__assign_oneI13ArgumentsCaseKS3_EEvPT_PT0_
FN:397,398,_ZNSt11__copy_moveILb0ELb0ESt26random_access_iterator_tagE12__assign_oneI9ErrorCaseKS3_EEvPT_PT0_
FN:433,442,_ZNSt11__copy_moveILb0ELb1ESt26random_access_iterator_tagE8__copy_mIK13ArgumentsCaseS3_EEPT0_PT_S8_S6_
FN:433,442,_ZNSt11__copy_moveILb0ELb1ESt26random_access_iterator_tagE8__copy_mIK9ErrorCaseS3_EEPT0_PT_S8_S6_
FN:497,507,_ZSt14__copy_move_a2ILb0EPK13ArgumentsCasePS0_ET1_T0_S5_S4_
FN:497,507,_ZSt14__copy_move_a2ILb0EPK9ErrorCasePS0_ET1_T0_S5_S4_
FN:532,533,_ZSt14__copy_move_a1ILb0EPK13ArgumentsCasePS0_ET1_T0_S5_S4_
FN:532,533,_ZSt14__copy_move_a1ILb0EPK9ErrorCasePS0_ET1_T0_S5_S4_
FN:538,544,_ZSt13__copy_move_aILb0EN9__gnu_cxx17__normal_iteratorIPK13ArgumentsCaseSt6vectorIS2_SaIS2_EEEEPS2_ET1_T0_SB_SA_
FN:538,544,_ZSt13__copy_move_aILb0EN9__gnu_cxx17__normal_iteratorIPK9ErrorCaseSt6vectorIS2_SaIS2_EEEEPS2_ET1_T0_SB_SA_
FN:538,544,_ZSt13__copy_move_aILb0EPK13ArgumentsCasePS0_ET1_T0_S5_S4_
FN:538,544,_ZSt13__copy_move_aILb0EPK9ErrorCasePS0_ET1_T0_S5_S4_
FN:624,634,_ZSt4copyIN9__gnu_cxx17__normal_iteratorIPK13ArgumentsCaseSt6vectorIS2_SaIS2_EEEEPS2_ET0_T_SB_SA_
FN:624,634,_ZSt4copyIN9__gnu_cxx17__normal_iteratorIPK9ErrorCaseSt6vectorIS2_SaIS2_EEEEPS2_ET0_T_SB_SA_
FN:624,634,_ZSt4copyIPK13ArgumentsCasePS0_ET0_T_S5_S4_
FN:624,634,_ZSt4copyIPK9ErrorCasePS0_ET0_T_S5_S4_
FNDA:32,_ZSt3minImERKT_S2_S2_
FNDA:12,_ZSt3maxImERKT_S2_S2_
FNDA:4,_ZSt12__niter_baseIP13ArgumentsCaseET_S2_
FNDA:4,_ZSt12__niter_baseIP9ErrorCaseET_S2_
FNDA:4,_ZSt12__niter_baseIPK13ArgumentsCaseET_S3_
FNDA:4,_ZSt12__niter_baseIPK9ErrorCaseET_S3_
FNDA:12,_ZSt12__niter_baseIPN7testing8internal26ParameterizedTestSuiteInfoI21ErrorHandlingHelpTestE17InstantiationInfoEET_S7_
FNDA:12,_ZSt12__niter_baseIPN7testing8internal26ParameterizedTestSuiteInfoI26ErrorHandlingTestArgumentsE17InstantiationInfoEET_S7_
FNDA:24,_ZSt12__niter_baseIPPN7testing8internal30ParameterizedTestSuiteInfoBaseEET_S5_
FNDA:12,_ZSt12__niter_baseIPSt10shared_ptrIN7testing8internal26ParameterizedTestSuiteInfoI21ErrorHandlingHelpTestE8TestInfoEEET_S9_
FNDA:12,_ZSt12__niter_baseIPSt10shared_ptrIN7testing8internal26ParameterizedTestSuiteInfoI26ErrorHandlingTestArgumentsE8TestInfoEEET_S9_
FNDA:4,_ZSt12__niter_wrapIP13ArgumentsCaseET_RKS2_S2_
FNDA:4,_ZSt12__niter_wrapIP9ErrorCaseET_RKS2_S2_
FNDA:0,_ZNSt11__copy_moveILb0ELb0ESt26random_access_iterator_tagE12__assign_oneI13ArgumentsCaseKS3_EEvPT_PT0_
FNDA:0,_ZNSt11__copy_moveILb0ELb0ESt26random_access_iterator_tagE12__assign_oneI9ErrorCaseKS3_EEvPT_PT0_
FNDA:4,_ZNSt11__copy_moveILb0ELb1ESt26random_access_iterator_tagE8__copy_mIK13ArgumentsCaseS3_EEPT0_PT_S8_S6_
FNDA:4,_ZNSt11__copy_moveILb0ELb1ESt26random_access_iterator_tagE8__copy_mIK9ErrorCaseS3_EEPT0_PT_S8_S6_
FNDA:4,_ZSt14__copy_move_a2ILb0EPK13ArgumentsCasePS0_ET1_T0_S5_S4_
FNDA:4,_ZSt14__copy_move_a2ILb0EPK9ErrorCasePS0_ET1_T0_S5_S4_
FNDA:4,_ZSt14__copy_move_a1ILb0EPK13ArgumentsCasePS0_ET1_T0_S5_S4_
FNDA:4,_ZSt14__copy_move_a1ILb0EPK9ErrorCasePS0_ET1_T0_S5_S4_
FNDA:2,_ZSt13__copy_move_aILb0EN9__gnu_cxx17__normal_iteratorIPK13ArgumentsCaseSt6vectorIS2_SaIS2_EEEEPS2_ET1_T0_SB_SA_
FNDA:2,_ZSt13__copy_move_aILb0EN9__gnu_cxx17__normal_iteratorIPK9ErrorCaseSt6vectorIS2_SaIS2_EEEEPS2_ET1_T0_SB_SA_
FNDA:2,_ZSt13__copy_move_aILb0EPK13ArgumentsCasePS0_ET1_T0_S5_S4_
FNDA:2,_ZSt13__copy_move_aILb0EPK9ErrorCasePS0_ET1_T0_S5_S4_
FNDA:2,_ZSt4copyIN9__gnu_cxx17__normal_iteratorIPK13ArgumentsCaseSt6vectorIS2_SaIS2_EEEEPS2_ET0_T_SB_SA_
FNDA:2,_ZSt4copyIN9__gnu_cxx17__normal_iteratorIPK9ErrorCaseSt6vectorIS2_SaIS2_EEEEPS2_ET0_T_SB_SA_
FNDA:2,_ZSt4copyIPK13ArgumentsCasePS0_ET0_T_S5_S4_
FNDA:2,_ZSt4copyIPK9ErrorCasePS0_ET0_T_S5_S4_
FNF:29
FNH:27
DA:233,32
DA:238,32
DA:239,0
DA:240,32
DA:257,12
DA:262,12
DA:263,10
DA:264,2
DA:316,88
DA:318,88
DA:338,8
DA:339,8
DA:397,0
DA:398,0
DA:433,8
DA:435,8
DA:436,8
DA:437,8
DA:438,0
DA:440,0
DA:441,8
DA:497,8
DA:506,8
DA:532,8
DA:533,8
DA:538,8
DA:540,8
DA:543,8
DA:624,8
DA:633,8
LF:30
LH:25
end_of_record
TN:
SF:/usr/include/c++/13/bits/stl_construct.h
FN:146,153,_ZSt8_DestroyIN7testing8internal26ParameterizedTestSuiteInfoI21ErrorHandlingHelpTestE17InstantiationInfoEEvPT_
FN:146,153,_ZSt8_DestroyIN7testing8internal26ParameterizedTestSuiteInfoI26ErrorHandlingTestArgumentsE17InstantiationInfoEEvPT_
FN:146,153,_ZSt8_DestroyISt10shared_ptrIN7testing8internal26ParameterizedTestSuiteInfoI21ErrorHandlingHelpTestE8TestInfoEEEvPT_
FN:146,153,_ZSt8_DestroyISt10shared_ptrIN7testing8internal26ParameterizedTestSuiteInfoI26ErrorHandlingTestArgumentsE8TestInfoEEEvPT_
FN:160,164,_ZNSt12_Destroy_auxILb0EE9__destroyIPN7testing8internal26ParameterizedTestSuiteInfoI21ErrorHandlingHelpTestE17InstantiationInfoEEEvT_S9_
FN:160,164,_ZNSt12_Destroy_auxILb0EE9__destroyIPN7testing8internal26ParameterizedTestSuiteInfoI26ErrorHandlingTestArgumentsE17InstantiationInfoEEEvT_S9_
FN:160,164,_ZNSt12_Destroy_auxILb0EE9__destroyIPSt10shared_ptrIN7testing8internal26ParameterizedTestSuiteInfoI21ErrorHandlingHelpTestE8TestInfoEEEEvT_SB_
FN:160,164,_ZNSt12_Destroy_auxILb0EE9__destroyIPSt10shared_ptrIN7testing8internal26ParameterizedTestSuiteInfoI26ErrorHandlingTestArgumentsE8TestInfoEEEEvT_SB_
FN:172,172,_ZNSt12_Destroy_auxILb1EE9__destroyIP13ArgumentsCaseEEvT_S4_
FN:172,172,_ZNSt12_Destroy_auxILb1EE9__destroyIP9ErrorCaseEEvT_S4_
FN:182,197,_ZSt8_DestroyIP13ArgumentsCaseEvT_S2_
FN:182,197,_ZSt8_DestroyIP9ErrorCaseEvT_S2_
FN:182,197,_ZSt8_DestroyIPN7testing8internal26ParameterizedTestSuiteInfoI21ErrorHandlingHelpTestE17InstantiationInfoEEvT_S7_
FN:182,197,_ZSt8_DestroyIPN7testing8internal26ParameterizedTestSuiteInfoI26ErrorHandlingTestArgumentsE17InstantiationInfoEEvT_S7_
FN:182,197,_ZSt8_DestroyIPSt10shared_ptrIN7testing8internal26ParameterizedTestSuiteInfoI21ErrorHandlingHelpTestE8TestInfoEEEvT_S9_
FN:182,197,_ZSt8_DestroyIPSt10shared_ptrIN7testing8internal26ParameterizedTestSuiteInfoI26ErrorHandlingTestArgumentsE8TestInfoEEEvT_S9_
FNDA:2,_ZSt8_DestroyIN7testing8internal26ParameterizedTestSuiteInfoI21ErrorHandlingHelpTestE17InstantiationInfoEEvPT_
FNDA:2,_ZSt8_DestroyIN7testing8internal26ParameterizedTestSuiteInfoI26ErrorHandlingTestArgumentsE17InstantiationInfoEEvPT_
FNDA:2,_ZSt8_DestroyISt10shared_ptrIN7testing8internal26ParameterizedTestSuiteInfoI21ErrorHandlingHelpTestE8TestInfoEEEvPT_
FNDA:2,_ZSt8_DestroyISt10shared_ptrIN7testing8internal26ParameterizedTestSuiteInfoI26ErrorHandlingTestArgumentsE8TestInfoEEEvPT_
FNDA:2,_ZNSt12_Destroy_auxILb0EE9__destroyIPN7testing8internal26ParameterizedTestSuiteInfoI21ErrorHandlingHelpTestE17InstantiationInfoEEEvT_S9_
FNDA:2,_ZNSt12_Destroy_auxILb0EE9__destroyIPN7testing8internal26ParameterizedTestSuiteInfoI26ErrorHandlingTestArgumentsE17InstantiationInfoEEEvT_S9_
FNDA:2,_ZNSt12_Destroy_auxILb0EE9__destroyIPSt10shared_ptrIN7testing8internal26ParameterizedTestSuiteInfoI21ErrorHandlingHelpTestE8TestInfoEEEEvT_SB_
FNDA:2,_ZNSt12_Destroy_auxILb0EE9__destroyIPSt10shared_ptrIN7testing8internal26ParameterizedTestSuiteInfoI26ErrorHandlingTestArgumentsE8TestInfoEEEEvT_SB_
FNDA:4,_ZNSt12_Destroy_auxILb1EE9__destroyIP13ArgumentsCaseEEvT_S4_
FNDA:4,_ZNSt12_Destroy_auxILb1EE9__destroyIP9ErrorCaseEEvT_S4_
FNDA:4,_ZSt8_DestroyIP13ArgumentsCaseEvT_S2_
FNDA:4,_ZSt8_DestroyIP9ErrorCaseEvT_S2_
FNDA:2,_ZSt8_DestroyIPN7testing8internal26ParameterizedTestSuiteInfoI21ErrorHandlingHelpTestE17InstantiationInfoEEvT_S7_
FNDA:2,_ZSt8_DestroyIPN7testing8internal26ParameterizedTestSuiteInfoI26ErrorHandlingTestArgumentsE17InstantiationInfoEEvT_S7_
FNDA:2,_ZSt8_DestroyIPSt10shared_ptrIN7testing8internal26ParameterizedTestSuiteInfoI21ErrorHandlingHelpTestE8TestInfoEEEvT_S9_
FNDA:2,_ZSt8_DestroyIPSt10shared_ptrIN7testing8internal26ParameterizedTestSuiteInfoI26ErrorHandlingTestArgumentsE8TestInfoEEEvT_S9_
FNF:16
FNH:16
DA:146,8
DA:151,8
DA:153,8
DA:160,8
DA:162,16
DA:163,8
DA:164,8
DA:172,8
DA:182,16
DA:196,16
DA:197,16
LF:11
LH:11
end_of_record
TN:
SF:/usr/include/c++/13/bits/stl_function.h
FN:1166,1167,_ZNKSt9_IdentityINSt7__cxx1112basic_stringIcSt11char_traitsIcESaIcEEEEclERKS5_
FN:407,408,_ZNKSt4lessINSt7__cxx1112basic_stringIcSt11char_traitsIcESaIcEEEEclERKS5_S8_
FNDA:292,_ZNKSt9_IdentityINSt7__cxx1112basic_stringIcSt11char_traitsIcESaIcEEEEclERKS5_
FNDA:228,_ZNKSt4lessINSt7__cxx1112basic_stringIcSt11char_traitsIcESaIcEEEEclERKS5_S8_
FNF:2
FNH:2
DA:407,228
DA:408,228
DA:1166,292
DA:1167,292
LF:4
LH:4
end_of_record
TN:
SF:/usr/include/c++/13/bits/stl_iterator.h
FN:1076,1077,_ZN9__gnu_cxx17__normal_iteratorIPK13ArgumentsCaseSt6vectorIS1_SaIS1_EEEC2ERKS3_
FN:1076,1077,_ZN9__gnu_cxx17__normal_iteratorIPK9ErrorCaseSt6vectorIS1_SaIS1_EEEC2ERKS3_
FN:1076,1077,_ZN9__gnu_cxx17__normal_iteratorIPKSt10shared_ptrIN7testing8internal26ParameterizedTestSuiteInfoI21ErrorHandlingHelpTestE8TestInfoEESt6vectorIS8_SaIS8_EEEC2ERKSA_
FN:1076,1077,_ZN9__gnu_cxx17__normal_iteratorIPKSt10shared_ptrIN7testing8internal26ParameterizedTestSuiteInfoI26ErrorHandlingTestArgumentsE8TestInfoEESt6vectorIS8_SaIS8_EEEC2ERKSA_
FN:1076,1077,_ZN9__gnu_cxx17__normal_iteratorIPN7testing8internal26ParameterizedTestSuiteInfoI21ErrorHandlingHelpTestE17InstantiationInfoESt6vectorIS6_SaIS6_EEEC2ERKS7_
FN:1076,1077,_ZN9__gnu_cxx17__normal_iteratorIPN7testing8internal26ParameterizedTestSuiteInfoI26ErrorHandlingTestArgumentsE17InstantiationInfoESt6vectorIS6_SaIS6_EEEC2ERKS7_
FN:1076,1077,_ZN9__gnu_cxx17__normal_iteratorIPPN7testing8internal30ParameterizedTestSuiteInfoBaseESt6vectorIS4_SaIS4_EEEC2ERKS5_
FN:1076,1077,_ZN9__gnu_cxx17__normal_iteratorIPSt10shared_ptrIN7testing8internal26ParameterizedTestSuiteInfoI21ErrorHandlingHelpTestE8TestInfoEESt6vectorIS8_SaIS8_EEEC2ERKS9_
FN:1076,1077,_ZN9__gnu_cxx17__normal_iteratorIPSt10shared_ptrIN7testing8internal26ParameterizedTestSuiteInfoI26ErrorHandlingTestArgumentsE8TestInfoEESt6vectorIS8_SaIS8_EEEC2ERKS9_
FN:1099,1100,_ZNK9__gnu_cxx17__normal_iteratorIPK13ArgumentsCaseSt6vectorIS1_SaIS1_EEEdeEv
FN:1099,1100,_ZNK9__gnu_cxx17__normal_iteratorIPK9ErrorCaseSt6vectorIS1_SaIS1_EEEdeEv
FN:1099,1100,_ZNK9__gnu_cxx17__normal_iteratorIPN7testing8internal26ParameterizedTestSuiteInfoI21ErrorHandlingHelpTestE17InstantiationInfoESt6vectorIS6_SaIS6_EEEdeEv
FN:1099,1100,_ZNK9__gnu_cxx17__normal_iteratorIPN7testing8internal26ParameterizedTestSuiteInfoI26ErrorHandlingTestArgumentsE17InstantiationInfoESt6vectorIS6_SaIS6_EEEdeEv
FN:1099,1100,_ZNK9__gnu_cxx17__normal_iteratorIPPN7testing8internal30ParameterizedTestSuiteInfoBaseESt6vectorIS4_SaIS4_EEEdeEv
FN:1099,1100,_ZNK9__gnu_cxx17__normal_iteratorIPSt10shared_ptrIN7testing8internal26ParameterizedTestSuiteInfoI21ErrorHandlingHelpTestE8TestInfoEESt6vectorIS8_SaIS8_EEEdeEv
FN:1099,1100,_ZNK9__gnu_cxx17__normal_iteratorIPSt10shared_ptrIN7testing8internal26ParameterizedTestSuiteInfoI26ErrorHandlingTestArgumentsE8TestInfoEESt6vectorIS8_SaIS8_EEEdeEv
FN:1104,1105,_ZNK9__gnu_cxx17__normal_iteratorIPN7testing8internal26ParameterizedTestSuiteInfoI21ErrorHandlingHelpTestE17InstantiationInfoESt6vectorIS6_SaIS6_EEEptEv
FN:1104,1105,_ZNK9__gnu_cxx17__normal_iteratorIPN7testing8internal26ParameterizedTestSuiteInfoI26ErrorHandlingTestArgumentsE17InstantiationInfoESt6vectorIS6_SaIS6_EEEptEv
FN:1109,1113,_ZN9__gnu_cxx17__normal_iteratorIPK13ArgumentsCaseSt6vectorIS1_SaIS1_EEEppEv
FN:1109,1113,_ZN9__gnu_cxx17__normal_iteratorIPK9ErrorCaseSt6vectorIS1_SaIS1_EEEppEv
FN:1109,1113,_ZN9__gnu_cxx17__normal_iteratorIPN7testing8internal26ParameterizedTestSuiteInfoI21ErrorHandlingHelpTestE17InstantiationInfoESt6vectorIS6_SaIS6_EEEppEv
FN:1109,1113,_ZN9__gnu_cxx17__normal_iteratorIPN7testing8internal26ParameterizedTestSuiteInfoI26ErrorHandlingTestArgumentsE17InstantiationInfoESt6vectorIS6_SaIS6_EEEppEv
FN:1109,1113,_ZN9__gnu_cxx17__normal_iteratorIPPN7testing8internal30ParameterizedTestSuiteInfoBaseESt6vectorIS4_SaIS4_EEEppEv
FN:1109,1113,_ZN9__gnu_cxx17__normal_iteratorIPSt10shared_ptrIN7testing8internal26ParameterizedTestSuiteInfoI21ErrorHandlingHelpTestE8TestInfoEESt6vectorIS8_SaIS8_EEEppEv
FN:1109,1113,_ZN9__gnu_cxx17__normal_iteratorIPSt10shared_ptrIN7testing8internal26ParameterizedTestSuiteInfoI26ErrorHandlingTestArgumentsE8TestInfoEESt6vectorIS8_SaIS8_EEEppEv
FN:1157,1158,_ZNK9__gnu_cxx17__normal_iteratorIPN7testing8internal26ParameterizedTestSuiteInfoI21ErrorHandlingHelpTestE17InstantiationInfoESt6vectorIS6_SaIS6_EEEmiEl
FN:1157,1158,_ZNK9__gnu_cxx17__normal_iteratorIPN7testing8internal26ParameterizedTestSuiteInfoI26ErrorHandlingTestArgumentsE17InstantiationInfoESt6vectorIS6_SaIS6_EEEmiEl
FN:1157,1158,_ZNK9__gnu_cxx17__normal_iteratorIPPN7testing8internal30ParameterizedTestSuiteInfoBaseESt6vectorIS4_SaIS4_EEEmiEl
FN:1157,1158,_ZNK9__gnu_cxx17__normal_iteratorIPSt10shared_ptrIN7testing8internal26ParameterizedTestSuiteInfoI21ErrorHandlingHelpTestE8TestInfoEESt6vectorIS8_SaIS8_EEEmiEl
FN:1157,1158,_ZNK9__gnu_cxx17__normal_iteratorIPSt10shared_ptrIN7testing8internal26ParameterizedTestSuiteInfoI26ErrorHandlingTestArgumentsE8TestInfoEESt6vectorIS8_SaIS8_EEEmiEl
FN:1162,1163,_ZNK9__gnu_cxx17__normal_iteratorIPK13ArgumentsCaseSt6vectorIS1_SaIS1_EEE4baseEv
FN:1162,1163,_ZNK9__gnu_cxx17__normal_iteratorIPK9ErrorCaseSt6vectorIS1_SaIS1_EEE4baseEv
FN:1162,1163,_ZNK9__gnu_cxx17__normal_iteratorIPKSt10shared_ptrIN7testing8internal26ParameterizedTestSuiteInfoI21ErrorHandlingHelpTestE8TestInfoEESt6vectorIS8_SaIS8_EEE4baseEv
FN:1162,1163,_ZNK9__gnu_cxx17__normal_iteratorIPKSt10shared_ptrIN7testing8internal26ParameterizedTestSuiteInfoI26ErrorHandlingTestArgumentsE8TestInfoEESt6vectorIS8_SaIS8_EEE4baseEv
FN:1162,1163,_ZNK9__gnu_cxx17__normal_iteratorIPN7testing8internal26ParameterizedTestSuiteInfoI21ErrorHandlingHelpTestE17InstantiationInfoESt6vectorIS6_SaIS6_EEE4baseEv
FN:1162,1163,_ZNK9__gnu_cxx17__normal_iteratorIPN7testing8internal26ParameterizedTestSuiteInfoI26ErrorHandlingTestArgumentsE17InstantiationInfoESt6vectorIS6_SaIS6_EEE4baseEv
FN:1162,1163,_ZNK9__gnu_cxx17__normal_iteratorIPPN7testing8internal30ParameterizedTestSuiteInfoBaseESt6vectorIS4_SaIS4_EEE4baseEv
FN:1162,1163,_ZNK9__gnu_cxx17__normal_iteratorIPSt10shared_ptrIN7testing8internal26ParameterizedTestSuiteInfoI21ErrorHandlingHelpTestE8TestInfoEESt6vectorIS8_SaIS8_EEE4baseEv
FN:1162,1163,_ZNK9__gnu_cxx17__normal_iteratorIPSt10shared_ptrIN7testing8internal26ParameterizedTestSuiteInfoI26ErrorHandlingTestArgumentsE8TestInfoEESt6vectorIS8_SaIS8_EEE4baseEv
FN:1225,1228,_ZN9__gnu_cxxeqIPK13ArgumentsCaseSt6vectorIS1_SaIS1_EEEEbRKNS_17__normal_iteratorIT_T0_EESC_
FN:1225,1228,_ZN9__gnu_cxxeqIPK9ErrorCaseSt6vectorIS1_SaIS1_EEEEbRKNS_17__normal_iteratorIT_T0_EESC_
FN:1225,1228,_ZN9__gnu_cxxeqIPKSt10shared_ptrIN7testing8internal26ParameterizedTestSuiteInfoI21ErrorHandlingHelpTestE8TestInfoEESt6vectorIS8_SaIS8_EEEEbRKNS_17__normal_iteratorIT_T0_EESJ_
FN:1225,1228,_ZN9__gnu_cxxeqIPKSt10shared_ptrIN7testing8internal26ParameterizedTestSuiteInfoI26ErrorHandlingTestArgumentsE8TestInfoEESt6vectorIS8_SaIS8_EEEEbRKNS_17__normal_iteratorIT_T0_EESJ_
FN:1241,1244,_ZN9__gnu_cxxneIPN7testing8internal26ParameterizedTestSuiteInfoI21ErrorHandlingHelpTestE17InstantiationInfoESt6vectorIS6_SaIS6_EEEEbRKNS_17__normal_iteratorIT_T0_EESG_
FN:1241,1244,_ZN9__gnu_cxxneIPN7testing8internal26ParameterizedTestSuiteInfoI26ErrorHandlingTestArgumentsE17InstantiationInfoESt6vectorIS6_SaIS6_EEEEbRKNS_17__normal_iteratorIT_T0_EESG_
FN:1241,1244,_ZN9__gnu_cxxneIPPN7testing8internal30ParameterizedTestSuiteInfoBaseESt6vectorIS4_SaIS4_EEEEbRKNS_17__normal_iteratorIT_T0_EESE_
FN:1241,1244,_ZN9__gnu_cxxneIPSt10shared_ptrIN7testing8internal26ParameterizedTestSuiteInfoI21ErrorHandlingHelpTestE8TestInfoEESt6vectorIS8_SaIS8_EEEEbRKNS_17__normal_iteratorIT_T0_EESI_
FN:1241,1244,_ZN9__gnu_cxxneIPSt10shared_ptrIN7testing8internal26ParameterizedTestSuiteInfoI26ErrorHandlingTestArgumentsE8TestInfoEESt6vectorIS8_SaIS8_EEEEbRKNS_17__normal_iteratorIT_T0_EESI_
FN:1334,1337,_ZN9__gnu_cxxmiIPK13ArgumentsCaseSt6vectorIS1_SaIS1_EEEENS_17__normal_iteratorIT_T0_E15difference_typeERKSA_SD_
FN:1334,1337,_ZN9__gnu_cxxmiIPK9ErrorCaseSt6vectorIS1_SaIS1_EEEENS_17__normal_iteratorIT_T0_E15difference_typeERKSA_SD_
FN:1334,1337,_ZN9__gnu_cxxmiIPN7testing8internal26ParameterizedTestSuiteInfoI21ErrorHandlingHelpTestE17InstantiationInfoESt6vectorIS6_SaIS6_EEEENS_17__normal_iteratorIT_T0_E15difference_typeERKSE_SH_
FN:1334,1337,_ZN9__gnu_cxxmiIPN7testing8internal26ParameterizedTestSuiteInfoI26ErrorHandlingTestArgumentsE17InstantiationInfoESt6vectorIS6_SaIS6_EEEENS_17__normal_iteratorIT_T0_E15difference_typeERKSE_SH_
FN:1334,1337,_ZN9__gnu_cxxmiIPPN7testing8internal30ParameterizedTestSuiteInfoBaseESt6vectorIS4_SaIS4_EEEENS_17__normal_iteratorIT_T0_E15difference_typeERKSC_SF_
FN:1334,1337,_ZN9__gnu_cxxmiIPSt10shared_ptrIN7testing8internal26ParameterizedTestSuiteInfoI21ErrorHandlingHelpTestE8TestInfoEESt6vectorIS8_SaIS8_EEEENS_17__normal_iteratorIT_T0_E15difference_typeERKSG_SJ_
FN:1334,1337,_ZN9__gnu_cxxmiIPSt10shared_ptrIN7testing8internal26ParameterizedTestSuiteInfoI26ErrorHandlingTestArgumentsE8TestInfoEESt6vectorIS8_SaIS8_EEEENS_17__normal_iteratorIT_T0_E15difference_typeERKSG_SJ_
FN:1357,1359,_ZSt12__niter_baseIPK13ArgumentsCaseSt6vectorIS0_SaIS0_EEET_N9__gnu_cxx17__normal_iteratorIS6_T0_EE
FN:1357,1359,_ZSt12__niter_baseIPK9ErrorCaseSt6vectorIS0_SaIS0_EEET_N9__gnu_cxx17__normal_iteratorIS6_T0_EE
FNDA:28,_ZN9__gnu_cxx17__normal_iteratorIPK13ArgumentsCaseSt6vectorIS1_SaIS1_EEEC2ERKS3_
FNDA:22,_ZN9__gnu_cxx17__normal_iteratorIPK9ErrorCaseSt6vectorIS1_SaIS1_EEEC2ERKS3_
FNDA:0,_ZN9__gnu_cxx17__normal_iteratorIPKSt10shared_ptrIN7testing8internal26ParameterizedTestSuiteInfoI21ErrorHandlingHelpTestE8TestInfoEESt6vectorIS8_SaIS8_EEEC2ERKSA_
FNDA:0,_ZN9__gnu_cxx17__normal_iteratorIPKSt10shared_ptrIN7testing8internal26ParameterizedTestSuiteInfoI26ErrorHandlingTestArgumentsE8TestInfoEESt6vectorIS8_SaIS8_EEEC2ERKSA_
FNDA:14,_ZN9__gnu_cxx17__normal_iteratorIPN7testing8internal26ParameterizedTestSuiteInfoI21ErrorHandlingHelpTestE17InstantiationInfoESt6vectorIS6_SaIS6_EEEC2ERKS7_
FNDA:14,_ZN9__gnu_cxx17__normal_iteratorIPN7testing8internal26ParameterizedTestSuiteInfoI26ErrorHandlingTestArgumentsE17InstantiationInfoESt6vectorIS6_SaIS6_EEEC2ERKS7_
FNDA:32,_ZN9__gnu_cxx17__normal_iteratorIPPN7testing8internal30ParameterizedTestSuiteInfoBaseESt6vectorIS4_SaIS4_EEEC2ERKS5_
FNDA:14,_ZN9__gnu_cxx17__normal_iteratorIPSt10shared_ptrIN7testing8internal26ParameterizedTestSuiteInfoI21ErrorHandlingHelpTestE8TestInfoEESt6vectorIS8_SaIS8_EEEC2ERKS9_
FNDA:14,_ZN9__gnu_cxx17__normal_iteratorIPSt10shared_ptrIN7testing8internal26ParameterizedTestSuiteInfoI26ErrorHandlingTestArgumentsE8TestInfoEESt6vectorIS8_SaIS8_EEEC2ERKS9_
FNDA:20,_ZNK9__gnu_cxx17__normal_iteratorIPK13ArgumentsCaseSt6vectorIS1_SaIS1_EEEdeEv
FNDA:14,_ZNK9__gnu_cxx17__normal_iteratorIPK9ErrorCaseSt6vectorIS1_SaIS1_EEEdeEv
FNDA:2,_ZNK9__gnu_cxx17__normal_iteratorIPN7testing8internal26ParameterizedTestSuiteInfoI21ErrorHandlingHelpTestE17InstantiationInfoESt6vectorIS6_SaIS6_EEEdeEv
FNDA:2,_ZNK9__gnu_cxx17__normal_iteratorIPN7testing8internal26ParameterizedTestSuiteInfoI26ErrorHandlingTestArgumentsE17InstantiationInfoESt6vectorIS6_SaIS6_EEEdeEv
FNDA:12,_ZNK9__gnu_cxx17__normal_iteratorIPPN7testing8internal30ParameterizedTestSuiteInfoBaseESt6vectorIS4_SaIS4_EEEdeEv
FNDA:4,_ZNK9__gnu_cxx17__normal_iteratorIPSt10shared_ptrIN7testing8internal26ParameterizedTestSuiteInfoI21ErrorHandlingHelpTestE8TestInfoEESt6vectorIS8_SaIS8_EEEdeEv
FNDA:4,_ZNK9__gnu_cxx17__normal_iteratorIPSt10shared_ptrIN7testing8internal26ParameterizedTestSuiteInfoI26ErrorHandlingTestArgumentsE8TestInfoEESt6vectorIS8_SaIS8_EEEdeEv
FNDA:10,_ZNK9__gnu_cxx17__normal_iteratorIPN7testing8internal26ParameterizedTestSuiteInfoI21ErrorHandlingHelpTestE17InstantiationInfoESt6vectorIS6_SaIS6_EEEptEv
FNDA:10,_ZNK9__gnu_cxx17__normal_iteratorIPN7testing8internal26ParameterizedTestSuiteInfoI26ErrorHandlingTestArgumentsE17InstantiationInfoESt6vectorIS6_SaIS6_EEEptEv
FNDA:20,_ZN9__gnu_cxx17__normal_iteratorIPK13ArgumentsCaseSt6vectorIS1_SaIS1_EEEppEv
FNDA:14,_ZN9__gnu_cxx17__normal_iteratorIPK9ErrorCaseSt6vectorIS1_SaIS1_EEEppEv
FNDA:2,_ZN9__gnu_cxx17__normal_iteratorIPN7testing8internal26ParameterizedTestSuiteInfoI21ErrorHandlingHelpTestE17InstantiationInfoESt6vectorIS6_SaIS6_EEEppEv
FNDA:2,_ZN9__gnu_cxx17__normal_iteratorIPN7testing8internal26ParameterizedTestSuiteInfoI26ErrorHandlingTestArgumentsE17InstantiationInfoESt6vectorIS6_SaIS6_EEEppEv
FNDA:4,_ZN9__gnu_cxx17__normal_iteratorIPPN7testing8internal30ParameterizedTestSuiteInfoBaseESt6vectorIS4_SaIS4_EEEppEv
FNDA:2,_ZN9__gnu_cxx17__normal_iteratorIPSt10shared_ptrIN7testing8internal26ParameterizedTestSuiteInfoI21ErrorHandlingHelpTestE8TestInfoEESt6vectorIS8_SaIS8_EEEppEv
FNDA:2,_ZN9__gnu_cxx17__normal_iteratorIPSt10shared_ptrIN7testing8internal26ParameterizedTestSuiteInfoI26ErrorHandlingTestArgumentsE8TestInfoEESt6vectorIS8_SaIS8_EEEppEv
FNDA:2,_ZNK9__gnu_cxx17__normal_iteratorIPN7testing8internal26ParameterizedTestSuiteInfoI21ErrorHandlingHelpTestE17InstantiationInfoESt6vectorIS6_SaIS6_EEEmiEl
FNDA:2,_ZNK9__gnu_cxx17__normal_iteratorIPN7testing8internal26ParameterizedTestSuiteInfoI26ErrorHandlingTestArgumentsE17InstantiationInfoESt6vectorIS6_SaIS6_EEEmiEl
FNDA:4,_ZNK9__gnu_cxx17__normal_iteratorIPPN7testing8internal30ParameterizedTestSuiteInfoBaseESt6vectorIS4_SaIS4_EEEmiEl
FNDA:2,_ZNK9__gnu_cxx17__normal_iteratorIPSt10shared_ptrIN7testing8internal26ParameterizedTestSuiteInfoI21ErrorHandlingHelpTestE8TestInfoEESt6vectorIS8_SaIS8_EEEmiEl
FNDA:2,_ZNK9__gnu_cxx17__normal_iteratorIPSt10shared_ptrIN7testing8internal26ParameterizedTestSuiteInfoI26ErrorHandlingTestArgumentsE8TestInfoEESt6vectorIS8_SaIS8_EEEmiEl
FNDA:52,_ZNK9__gnu_cxx17__normal_iteratorIPK13ArgumentsCaseSt6vectorIS1_SaIS1_EEE4baseEv
FNDA:40,_ZNK9__gnu_cxx17__normal_iteratorIPK9ErrorCaseSt6vectorIS1_SaIS1_EEE4baseEv
FNDA:0,_ZNK9__gnu_cxx17__normal_iteratorIPKSt10shared_ptrIN7testing8internal26ParameterizedTestSuiteInfoI21ErrorHandlingHelpTestE8TestInfoEESt6vectorIS8_SaIS8_EEE4baseEv
FNDA:0,_ZNK9__gnu_cxx17__normal_iteratorIPKSt10shared_ptrIN7testing8internal26ParameterizedTestSuiteInfoI26ErrorHandlingTestArgumentsE8TestInfoEESt6vectorIS8_SaIS8_EEE4baseEv
FNDA:16,_ZNK9__gnu_cxx17__normal_iteratorIPN7testing8internal26ParameterizedTestSuiteInfoI21ErrorHandlingHelpTestE17InstantiationInfoESt6vectorIS6_SaIS6_EEE4baseEv
FNDA:16,_ZNK9__gnu_cxx17__normal_iteratorIPN7testing8internal26ParameterizedTestSuiteInfoI26ErrorHandlingTestArgumentsE17InstantiationInfoESt6vectorIS6_SaIS6_EEE4baseEv
FNDA:40,_ZNK9__gnu_cxx17__normal_iteratorIPPN7testing8internal30ParameterizedTestSuiteInfoBaseESt6vectorIS4_SaIS4_EEE4baseEv
FNDA:16,_ZNK9__gnu_cxx17__normal_iteratorIPSt10shared_ptrIN7testing8internal26ParameterizedTestSuiteInfoI21ErrorHandlingHelpTestE8TestInfoEESt6vectorIS8_SaIS8_EEE4baseEv
FNDA:16,_ZNK9__gnu_cxx17__normal_iteratorIPSt10shared_ptrIN7testing8internal26ParameterizedTestSuiteInfoI26ErrorHandlingTestArgumentsE8TestInfoEESt6vectorIS8_SaIS8_EEE4baseEv
FNDA:22,_ZN9__gnu_cxxeqIPK13ArgumentsCaseSt6vectorIS1_SaIS1_EEEEbRKNS_17__normal_iteratorIT_T0_EESC_
FNDA:16,_ZN9__gnu_cxxeqIPK9ErrorCaseSt6vectorIS1_SaIS1_EEEEbRKNS_17__normal_iteratorIT_T0_EESC_
FNDA:0,_ZN9__gnu_cxxeqIPKSt10shared_ptrIN7testing8internal26ParameterizedTestSuiteInfoI21ErrorHandlingHelpTestE8TestInfoEESt6vectorIS8_SaIS8_EEEEbRKNS_17__normal_iteratorIT_T0_EESJ_
FNDA:0,_ZN9__gnu_cxxeqIPKSt10shared_ptrIN7testing8internal26ParameterizedTestSuiteInfoI26ErrorHandlingTestArgumentsE8TestInfoEESt6vectorIS8_SaIS8_EEEEbRKNS_17__normal_iteratorIT_T0_EESJ_
FNDA:4,_ZN9__gnu_cxxneIPN7testing8internal26ParameterizedTestSuiteInfoI21ErrorHandlingHelpTestE17InstantiationInfoESt6vectorIS6_SaIS6_EEEEbRKNS_17__normal_iteratorIT_T0_EESG_
FNDA:4,_ZN9__gnu_cxxneIPN7testing8internal26ParameterizedTestSuiteInfoI26ErrorHandlingTestArgumentsE17InstantiationInfoESt6vectorIS6_SaIS6_EEEEbRKNS_17__normal_iteratorIT_T0_EESG_
FNDA:12,_ZN9__gnu_cxxneIPPN7testing8internal30ParameterizedTestSuiteInfoBaseESt6vectorIS4_SaIS4_EEEEbRKNS_17__normal_iteratorIT_T0_EESE_
FNDA:4,_ZN9__gnu_cxxneIPSt10shared_ptrIN7testing8internal26ParameterizedTestSuiteInfoI21ErrorHandlingHelpTestE8TestInfoEESt6vectorIS8_SaIS8_EEEEbRKNS_17__normal_iteratorIT_T0_EESI_
FNDA:4,_ZN9__gnu_cxxneIPSt10shared_ptrIN7testing8internal26ParameterizedTestSuiteInfoI26ErrorHandlingTestArgumentsE8TestInfoEESt6vectorIS8_SaIS8_EEEEbRKNS_17__normal_iteratorIT_T0_EESI_
FNDA:2,_ZN9__gnu_cxxmiIPK13ArgumentsCaseSt6vectorIS1_SaIS1_EEEENS_17__normal_iteratorIT_T0_E15difference_typeERKSA_SD_
FNDA:2,_ZN9__gnu_cxxmiIPK9ErrorCaseSt6vectorIS1_SaIS1_EEEENS_17__normal_iteratorIT_T0_E15difference_typeERKSA_SD_
FNDA:2,_ZN9__gnu_cxxmiIPN7testing8internal26ParameterizedTestSuiteInfoI21ErrorHandlingHelpTestE17InstantiationInfoESt6vectorIS6_SaIS6_EEEENS_17__normal_iteratorIT_T0_E15difference_typeERKSE_SH_
FNDA:2,_ZN9__gnu_cxxmiIPN7testing8internal26ParameterizedTestSuiteInfoI26ErrorHandlingTestArgumentsE17InstantiationInfoESt6vectorIS6_SaIS6_EEEENS_17__normal_iteratorIT_T0_E15difference_typeERKSE_SH_
FNDA:4,_ZN9__gnu_cxxmiIPPN7testing8internal30ParameterizedTestSuiteInfoBaseESt6vectorIS4_SaIS4_EEEENS_17__normal_iteratorIT_T0_E15difference_typeERKSC_SF_
FNDA:2,_ZN9__gnu_cxxmiIPSt10shared_ptrIN7testing8internal26ParameterizedTestSuiteInfoI21ErrorHandlingHelpTestE8TestInfoEESt6vectorIS8_SaIS8_EEEENS_17__normal_iteratorIT_T0_E15difference_typeERKSG_SJ_
FNDA:2,_ZN9__gnu_cxxmiIPSt10shared_ptrIN7testing8internal26ParameterizedTestSuiteInfoI26ErrorHandlingTestArgumentsE8TestInfoEESt6vectorIS8_SaIS8_EEEENS_17__normal_iteratorIT_T0_E15difference_typeERKSG_SJ_
FNDA:4,_ZSt12__niter_baseIPK13ArgumentsCaseSt6vectorIS0_SaIS0_EEET_N9__gnu_cxx17__normal_iteratorIS6_T0_EE
FNDA:4,_ZSt12__niter_baseIPK9ErrorCaseSt6vectorIS0_SaIS0_EEET_N9__gnu_cxx17__normal_iteratorIS6_T0_EE
FNF:57
FNH:51
DA:1076,138
DA:1077,138
DA:1099,58
DA:1100,58
DA:1104,20
DA:1105,20
DA:1109,46
DA:1111,46
DA:1112,46
DA:1157,12
DA:1158,12
DA:1162,196
DA:1163,196
DA:1225,38
DA:1228,38
DA:1241,28
DA:1244,28
DA:1334,16
DA:1337,16
DA:1357,8
DA:1359,8
LF:21
LH:21
end_of_record
TN:
SF:/usr/include/c++/13/bits/stl_iterator_base_funcs.h
FNF:0
FNH:0
DA:106,93
DA:151,190
DA:152,194
LF:3
LH:3
end_of_record
TN:
SF:/usr/include/c++/13/bits/stl_iterator_base_types.h
FNF:0
FNH:0
DA:240,101
LF:1
LH:1
end_of_record
TN:
SF:/usr/include/c++/13/bits/stl_pair.h
FN:558,559,_ZNSt4pairIPSt18_Rb_tree_node_baseS1_EC2IS1_S1_Lb1EEERKS1_S5_
FN:687,689,_ZNSt4pairIPSt18_Rb_tree_node_baseS1_EC2IRPSt13_Rb_tree_nodeINSt7__cxx1112basic_stringIcSt11char_traitsIcESaIcEEEERS1_Lb1EEEOT_OT0_
FN:687,689,_ZNSt4pairISt17_Rb_tree_iteratorINSt7__cxx1112basic_stringIcSt11char_traitsIcESaIcEEEEbEC2IS7_bLb1EEEOT_OT0_
FN:687,689,_ZNSt4pairISt23_Rb_tree_const_iteratorINSt7__cxx1112basic_stringIcSt11char_traitsIcESaIcEEEEbEC2IRSt17_Rb_tree_iteratorIS6_ERbLb1EEEOT_OT0_
FNDA:0,_ZNSt4pairIPSt18_Rb_tree_node_baseS1_EC2IS1_S1_Lb1EEERKS1_S5_
FNDA:34,_ZNSt4pairIPSt18_Rb_tree_node_baseS1_EC2IRPSt13_Rb_tree_nodeINSt7__cxx1112basic_stringIcSt11char_traitsIcESaIcEEEERS1_Lb1EEEOT_OT0_
FNDA:34,_ZNSt4pairISt17_Rb_tree_iteratorINSt7__cxx1112basic_stringIcSt11char_traitsIcESaIcEEEEbEC2IS7_bLb1EEEOT_OT0_
FNDA:34,_ZNSt4pairISt23_Rb_tree_const_iteratorINSt7__cxx1112basic_stringIcSt11char_traitsIcESaIcEEEEbEC2IRSt17_Rb_tree_iteratorIS6_ERbLb1EEEOT_OT0_
FNF:4
FNH:3
DA:558,0
DA:559,0
DA:687,102
DA:688,102
DA:689,102
LF:5
LH:3
end_of_record
TN:
SF:/usr/include/c++/13/bits/stl_set.h
FN:169,169,_ZNSt3setINSt7__cxx1112basic_stringIcSt11char_traitsIcESaIcEEESt4lessIS5_ESaIS5_EEC2Ev
FN:283,283,_ZNSt3setINSt7__cxx1112basic_stringIcSt11char_traitsIcESaIcEEESt4lessIS5_ESaIS5_EED2Ev
FN:511,516,_ZNSt3setINSt7__cxx1112basic_stringIcSt11char_traitsIcESaIcEEESt4lessIS5_ESaIS5_EE6insertERKS5_
FN:750,751,_ZNKSt3setINSt7__cxx1112basic_stringIcSt11char_traitsIcESaIcEEESt4lessIS5_ESaIS5_EE5countERKS5_
FNDA:4,_ZNSt3setINSt7__cxx1112basic_stringIcSt11char_traitsIcESaIcEEESt4lessIS5_ESaIS5_EEC2Ev
FNDA:4,_ZNSt3setINSt7__cxx1112basic_stringIcSt11char_traitsIcESaIcEEESt4lessIS5_ESaIS5_EED2Ev
FNDA:34,_ZNSt3setINSt7__cxx1112basic_stringIcSt11char_traitsIcESaIcEEESt4lessIS5_ESaIS5_EE6insertERKS5_
FNDA:34,_ZNKSt3setINSt7__cxx1112basic_stringIcSt11char_traitsIcESaIcEEESt4lessIS5_ESaIS5_EE5countERKS5_
FNF:4
FNH:4
DA:169,4
DA:283,4
DA:511,34
DA:514,34
DA:515,34
DA:750,34
DA:751,34
LF:7
LH:7
end_of_record
TN:
SF:/usr/include/c++/13/bits/stl_tree.h
FN:1009,1010,_ZNKSt8_Rb_treeINSt7__cxx1112basic_stringIcSt11char_traitsIcESaIcEEES5_St9_IdentityIS5_ESt4lessIS5_ESaIS5_EE3endEv
FN:146,150,_ZNSt20_Rb_tree_key_compareISt4lessINSt7__cxx1112basic_stringIcSt11char_traitsIcESaIcEEEEEC2Ev
FN:173,177,_ZNSt15_Rb_tree_headerC2Ev
FN:1818,1837,_ZNSt8_Rb_treeINSt7__cxx1112basic_stringIcSt11char_traitsIcESaIcEEES5_St9_IdentityIS5_ESt4lessIS5_ESaIS5_EE10_M_insert_IRKS5_NSB_11_Alloc_nodeEEESt17_Rb_tree_iteratorIS5_EPSt18_Rb_tree_node_baseSJ_OT_RT0_
FN:1930,1941,_ZNSt8_Rb_treeINSt7__cxx1112basic_stringIcSt11char_traitsIcESaIcEEES5_St9_IdentityIS5_ESt4lessIS5_ESaIS5_EE8_M_eraseEPSt13_Rb_tree_nodeIS5_E
FN:1963,1973,_ZNKSt8_Rb_treeINSt7__cxx1112basic_stringIcSt11char_traitsIcESaIcEEES5_St9_IdentityIS5_ESt4lessIS5_ESaIS5_EE14_M_lower_boundEPKSt13_Rb_tree_nodeIS5_EPKSt18_Rb_tree_node_baseRKS5_
FN:206,212,_ZNSt15_Rb_tree_header8_M_resetEv
FN:2108,2132,_ZNSt8_Rb_treeINSt7__cxx1112basic_stringIcSt11char_traitsIcESaIcEEES5_St9_IdentityIS5_ESt4lessIS5_ESaIS5_EE24_M_get_insert_unique_posERKS5_
FN:2162,2182,_ZNSt8_Rb_treeINSt7__cxx1112basic_stringIcSt11char_traitsIcESaIcEEES5_St9_IdentityIS5_ESt4lessIS5_ESaIS5_EE16_M_insert_uniqueIRKS5_EESt4pairISt17_Rb_tree_iteratorIS5_EbEOT_
FN:234,235,_ZNSt13_Rb_tree_nodeINSt7__cxx1112basic_stringIcSt11char_traitsIcESaIcEEEE9_M_valptrEv
FN:238,239,_ZNKSt13_Rb_tree_nodeINSt7__cxx1112basic_stringIcSt11char_traitsIcESaIcEEEE9_M_valptrEv
FN:2542,2549,_ZNKSt8_Rb_treeINSt7__cxx1112basic_stringIcSt11char_traitsIcESaIcEEES5_St9_IdentityIS5_ESt4lessIS5_ESaIS5_EE4findERKS5_
FN:273,274,_ZNSt17_Rb_tree_iteratorINSt7__cxx1112basic_stringIcSt11char_traitsIcESaIcEEEEC2EPSt18_Rb_tree_node_base
FN:300,304,_ZNSt17_Rb_tree_iteratorINSt7__cxx1112basic_stringIcSt11char_traitsIcESaIcEEEEmmEv
FN:315,316,_ZSteqRKSt17_Rb_tree_iteratorINSt7__cxx1112basic_stringIcSt11char_traitsIcESaIcEEEES8_
FN:347,348,_ZNSt23_Rb_tree_const_iteratorINSt7__cxx1112basic_stringIcSt11char_traitsIcESaIcEEEEC2EPKSt18_Rb_tree_node_base
FN:350,351,_ZNSt23_Rb_tree_const_iteratorINSt7__cxx1112basic_stringIcSt11char_traitsIcESaIcEEEEC2ERKSt17_Rb_tree_iteratorIS5_E
FN:396,397,_ZSteqRKSt23_Rb_tree_const_iteratorINSt7__cxx1112basic_stringIcSt11char_traitsIcESaIcEEEES8_
FN:525,526,_ZNSt8_Rb_treeINSt7__cxx1112basic_stringIcSt11char_traitsIcESaIcEEES5_St9_IdentityIS5_ESt4lessIS5_ESaIS5_EE11_Alloc_nodeC2ERSB_
FN:530,531,_ZNKSt8_Rb_treeINSt7__cxx1112basic_stringIcSt11char_traitsIcESaIcEEES5_St9_IdentityIS5_ESt4lessIS5_ESaIS5_EE11_Alloc_nodeclIRKS5_EEPSt13_Rb_tree_nodeIS5_EOT_
FN:549,550,_ZNSt8_Rb_treeINSt7__cxx1112basic_stringIcSt11char_traitsIcESaIcEEES5_St9_IdentityIS5_ESt4lessIS5_ESaIS5_EE21_M_get_Node_allocatorEv
FN:562,563,_ZNSt8_Rb_treeINSt7__cxx1112basic_stringIcSt11char_traitsIcESaIcEEES5_St9_IdentityIS5_ESt4lessIS5_ESaIS5_EE11_M_get_nodeEv
FN:566,567,_ZNSt8_Rb_treeINSt7__cxx1112basic_stringIcSt11char_traitsIcESaIcEEES5_St9_IdentityIS5_ESt4lessIS5_ESaIS5_EE11_M_put_nodeEPSt13_Rb_tree_nodeIS5_E
FN:592,607,_ZNSt8_Rb_treeINSt7__cxx1112basic_stringIcSt11char_traitsIcESaIcEEES5_St9_IdentityIS5_ESt4lessIS5_ESaIS5_EE17_M_construct_nodeIJRKS5_EEEvPSt13_Rb_tree_nodeIS5_EDpOT_
FN:611,616,_ZNSt8_Rb_treeINSt7__cxx1112basic_stringIcSt11char_traitsIcESaIcEEES5_St9_IdentityIS5_ESt4lessIS5_ESaIS5_EE14_M_create_nodeIJRKS5_EEEPSt13_Rb_tree_nodeIS5_EDpOT_
FN:620,628,_ZNSt8_Rb_treeINSt7__cxx1112basic_stringIcSt11char_traitsIcESaIcEEES5_St9_IdentityIS5_ESt4lessIS5_ESaIS5_EE15_M_destroy_nodeEPSt13_Rb_tree_nodeIS5_E
FN:631,635,_ZNSt8_Rb_treeINSt7__cxx1112basic_stringIcSt11char_traitsIcESaIcEEES5_St9_IdentityIS5_ESt4lessIS5_ESaIS5_EE12_M_drop_nodeEPSt13_Rb_tree_nodeIS5_E
FN:669,674,_ZNSt8_Rb_treeINSt7__cxx1112basic_stringIcSt11char_traitsIcESaIcEEES5_St9_IdentityIS5_ESt4lessIS5_ESaIS5_EE13_Rb_tree_implIS9_Lb1EEC2Ev
FN:736,737,_ZNKSt8_Rb_treeINSt7__cxx1112basic_stringIcSt11char_traitsIcESaIcEEES5_St9_IdentityIS5_ESt4lessIS5_ESaIS5_EE9_M_mbeginEv
FN:740,741,_ZNSt8_Rb_treeINSt7__cxx1112basic_stringIcSt11char_traitsIcESaIcEEES5_St9_IdentityIS5_ESt4lessIS5_ESaIS5_EE8_M_beginEv
FN:744,748,_ZNKSt8_Rb_treeINSt7__cxx1112basic_stringIcSt11char_traitsIcESaIcEEES5_St9_IdentityIS5_ESt4lessIS5_ESaIS5_EE8_M_beginEv
FN:751,752,_ZNSt8_Rb_treeINSt7__cxx1112basic_stringIcSt11char_traitsIcESaIcEEES5_St9_IdentityIS5_ESt4lessIS5_ESaIS5_EE6_M_endEv
FN:755,756,_ZNKSt8_Rb_treeINSt7__cxx1112basic_stringIcSt11char_traitsIcESaIcEEES5_St9_IdentityIS5_ESt4lessIS5_ESaIS5_EE6_M_endEv
FN:759,778,_ZNSt8_Rb_treeINSt7__cxx1112basic_stringIcSt11char_traitsIcESaIcEEES5_St9_IdentityIS5_ESt4lessIS5_ESaIS5_EE6_S_keyEPKSt13_Rb_tree_nodeIS5_E
FN:781,782,_ZNSt8_Rb_treeINSt7__cxx1112basic_stringIcSt11char_traitsIcESaIcEEES5_St9_IdentityIS5_ESt4lessIS5_ESaIS5_EE7_S_leftEPSt18_Rb_tree_node_base
FN:785,786,_ZNSt8_Rb_treeINSt7__cxx1112basic_stringIcSt11char_traitsIcESaIcEEES5_St9_IdentityIS5_ESt4lessIS5_ESaIS5_EE7_S_leftEPKSt18_Rb_tree_node_base
FN:789,790,_ZNSt8_Rb_treeINSt7__cxx1112basic_stringIcSt11char_traitsIcESaIcEEES5_St9_IdentityIS5_ESt4lessIS5_ESaIS5_EE8_S_rightEPSt18_Rb_tree_node_base
FN:793,794,_ZNSt8_Rb_treeINSt7__cxx1112basic_stringIcSt11char_traitsIcESaIcEEES5_St9_IdentityIS5_ESt4lessIS5_ESaIS5_EE8_S_rightEPKSt18_Rb_tree_node_base
FN:797,798,_ZNSt8_Rb_treeINSt7__cxx1112basic_stringIcSt11char_traitsIcESaIcEEES5_St9_IdentityIS5_ESt4lessIS5_ESaIS5_EE6_S_keyEPKSt18_Rb_tree_node_base
FN:930,930,_ZNSt8_Rb_treeINSt7__cxx1112basic_stringIcSt11char_traitsIcESaIcEEES5_St9_IdentityIS5_ESt4lessIS5_ESaIS5_EEC2Ev
FN:985,986,_ZNSt8_Rb_treeINSt7__cxx1112basic_stringIcSt11char_traitsIcESaIcEEES5_St9_IdentityIS5_ESt4lessIS5_ESaIS5_EED2Ev
FN:997,998,_ZNSt8_Rb_treeINSt7__cxx1112basic_stringIcSt11char_traitsIcESaIcEEES5_St9_IdentityIS5_ESt4lessIS5_ESaIS5_EE5beginEv
FNDA:102,_ZNKSt8_Rb_treeINSt7__cxx1112basic_stringIcSt11char_traitsIcESaIcEEES5_St9_IdentityIS5_ESt4lessIS5_ESaIS5_EE3endEv
FNDA:4,_ZNSt20_Rb_tree_key_compareISt4lessINSt7__cxx1112basic_stringIcSt11char_traitsIcESaIcEEEEEC2Ev
FNDA:4,_ZNSt15_Rb_tree_headerC2Ev
FNDA:34,_ZNSt8_Rb_treeINSt7__cxx1112basic_stringIcSt11char_traitsIcESaIcEEES5_St9_IdentityIS5_ESt4lessIS5_ESaIS5_EE10_M_insert_IRKS5_NSB_11_Alloc_nodeEEESt17_Rb_tree_iteratorIS5_EPSt18_Rb_tree_node_baseSJ_OT_RT0_
FNDA:38,_ZNSt8_Rb_treeINSt7__cxx1112basic_stringIcSt11char_traitsIcESaIcEEES5_St9_IdentityIS5_ESt4lessIS5_ESaIS5_EE8_M_eraseEPSt13_Rb_tree_nodeIS5_E
FNDA:34,_ZNKSt8_Rb_treeINSt7__cxx1112basic_stringIcSt11char_traitsIcESaIcEEES5_St9_IdentityIS5_ESt4lessIS5_ESaIS5_EE14_M_lower_boundEPKSt13_Rb_tree_nodeIS5_EPKSt18_Rb_tree_node_baseRKS5_
FNDA:4,_ZNSt15_Rb_tree_header8_M_resetEv
FNDA:34,_ZNSt8_Rb_treeINSt7__cxx1112basic_stringIcSt11char_traitsIcESaIcEEES5_St9_IdentityIS5_ESt4lessIS5_ESaIS5_EE24_M_get_insert_unique_posERKS5_
FNDA:34,_ZNSt8_Rb_treeINSt7__cxx1112basic_stringIcSt11char_traitsIcESaIcEEES5_St9_IdentityIS5_ESt4lessIS5_ESaIS5_EE16_M_insert_uniqueIRKS5_EESt4pairISt17_Rb_tree_iteratorIS5_EbEOT_
FNDA:68,_ZNSt13_Rb_tree_nodeINSt7__cxx1112basic_stringIcSt11char_traitsIcESaIcEEEE9_M_valptrEv
FNDA:228,_ZNKSt13_Rb_tree_nodeINSt7__cxx1112basic_stringIcSt11char_traitsIcESaIcEEEE9_M_valptrEv
FNDA:34,_ZNKSt8_Rb_treeINSt7__cxx1112basic_stringIcSt11char_traitsIcESaIcEEES5_St9_IdentityIS5_ESt4lessIS5_ESaIS5_EE4findERKS5_
FNDA:72,_ZNSt17_Rb_tree_iteratorINSt7__cxx1112basic_stringIcSt11char_traitsIcESaIcEEEEC2EPSt18_Rb_tree_node_base
FNDA:0,_ZNSt17_Rb_tree_iteratorINSt7__cxx1112basic_stringIcSt11char_traitsIcESaIcEEEEmmEv
FNDA:4,_ZSteqRKSt17_Rb_tree_iteratorINSt7__cxx1112basic_stringIcSt11char_traitsIcESaIcEEEES8_
FNDA:136,_ZNSt23_Rb_tree_const_iteratorINSt7__cxx1112basic_stringIcSt11char_traitsIcESaIcEEEEC2EPKSt18_Rb_tree_node_base
FNDA:34,_ZNSt23_Rb_tree_const_iteratorINSt7__cxx1112basic_stringIcSt11char_traitsIcESaIcEEEEC2ERKSt17_Rb_tree_iteratorIS5_E
FNDA:68,_ZSteqRKSt23_Rb_tree_const_iteratorINSt7__cxx1112basic_stringIcSt11char_traitsIcESaIcEEEES8_
FNDA:34,_ZNSt8_Rb_treeINSt7__cxx1112basic_stringIcSt11char_traitsIcESaIcEEES5_St9_IdentityIS5_ESt4lessIS5_ESaIS5_EE11_Alloc_nodeC2ERSB_
FNDA:34,_ZNKSt8_Rb_treeINSt7__cxx1112basic_stringIcSt11char_traitsIcESaIcEEES5_St9_IdentityIS5_ESt4lessIS5_ESaIS5_EE11_Alloc_nodeclIRKS5_EEPSt13_Rb_tree_nodeIS5_EOT_
FNDA:136,_ZNSt8_Rb_treeINSt7__cxx1112basic_stringIcSt11char_traitsIcESaIcEEES5_St9_IdentityIS5_ESt4lessIS5_ESaIS5_EE21_M_get_Node_allocatorEv
FNDA:34,_ZNSt8_Rb_treeINSt7__cxx1112basic_stringIcSt11char_traitsIcESaIcEEES5_St9_IdentityIS5_ESt4lessIS5_ESaIS5_EE11_M_get_nodeEv
FNDA:34,_ZNSt8_Rb_treeINSt7__cxx1112basic_stringIcSt11char_traitsIcESaIcEEES5_St9_IdentityIS5_ESt4lessIS5_ESaIS5_EE11_M_put_nodeEPSt13_Rb_tree_nodeIS5_E
FNDA:34,_ZNSt8_Rb_treeINSt7__cxx1112basic_stringIcSt11char_traitsIcESaIcEEES5_St9_IdentityIS5_ESt4lessIS5_ESaIS5_EE17_M_construct_nodeIJRKS5_EEEvPSt13_Rb_tree_nodeIS5_EDpOT_
[...]
FN:392,392,_ZN7testing8internal12TestNotEmptyIFNSt7__cxx1112basic_stringIcSt11char_traitsIcESaIcEEERKNS_13TestParamInfoI13ArgumentsCaseEEEEEvRKT_
FN:392,392,_ZN7testing8internal12TestNotEmptyIFNSt7__cxx1112basic_stringIcSt11char_traitsIcESaIcEEERKNS_13TestParamInfoI9ErrorCaseEEEEEvRKT_
FN:402,403,_ZN7testing8internal24ParameterizedTestFactoryI47ErrorHandlingTestArguments_HandleArguments_TestEC2E13ArgumentsCase
FN:402,403,_ZN7testing8internal24ParameterizedTestFactoryI49ErrorHandlingHelpTest_HandleCorrectHelpFlags_TestEC2E9ErrorCase
FN:404,407,_ZN7testing8internal24ParameterizedTestFactoryI47ErrorHandlingTestArguments_HandleArguments_TestE10CreateTestEv
FN:404,407,_ZN7testing8internal24ParameterizedTestFactoryI49ErrorHandlingHelpTest_HandleCorrectHelpFlags_TestE10CreateTestEv
FN:423,423,_ZN7testing8internal19TestMetaFactoryBaseI13ArgumentsCaseED0Ev
FN:423,423,_ZN7testing8internal19TestMetaFactoryBaseI13ArgumentsCaseED2Ev
FN:423,423,_ZN7testing8internal19TestMetaFactoryBaseI9ErrorCaseED0Ev
FN:423,423,_ZN7testing8internal19TestMetaFactoryBaseI9ErrorCaseED2Ev
FN:442,442,_ZN7testing8internal15TestMetaFactoryI47ErrorHandlingTestArguments_HandleArguments_TestEC2Ev
FN:442,442,_ZN7testing8internal15TestMetaFactoryI49ErrorHandlingHelpTest_HandleCorrectHelpFlags_TestEC2Ev
FN:444,446,_ZN7testing8internal15TestMetaFactoryI47ErrorHandlingTestArguments_HandleArguments_TestE17CreateTestFactoryE13ArgumentsCase
FN:444,446,_ZN7testing8internal15TestMetaFactoryI49ErrorHandlingHelpTest_HandleCorrectHelpFlags_TestE17CreateTestFactoryE9ErrorCase
FN:465,465,_ZN7testing8internal30ParameterizedTestSuiteInfoBaseD0Ev
FN:465,465,_ZN7testing8internal30ParameterizedTestSuiteInfoBaseD2Ev
FN:478,478,_ZN7testing8internal30ParameterizedTestSuiteInfoBaseC2Ev
FN:516,518,_ZN7testing8internal26ParameterizedTestSuiteInfoI21ErrorHandlingHelpTestEC2EPKcNS0_12CodeLocationE
FN:516,518,_ZN7testing8internal26ParameterizedTestSuiteInfoI26ErrorHandlingTestArgumentsEC2EPKcNS0_12CodeLocationE
FN:521,523,_ZNK7testing8internal26ParameterizedTestSuiteInfoI21ErrorHandlingHelpTestE16GetTestSuiteNameB5cxx11Ev
FN:521,523,_ZNK7testing8internal26ParameterizedTestSuiteInfoI26ErrorHandlingTestArgumentsE16GetTestSuiteNameB5cxx11Ev
FN:525,525,_ZNK7testing8internal26ParameterizedTestSuiteInfoI21ErrorHandlingHelpTestE18GetTestSuiteTypeIdEv
FN:525,525,_ZNK7testing8internal26ParameterizedTestSuiteInfoI26ErrorHandlingTestArgumentsE18GetTestSuiteTypeIdEv
FN:532,537,_ZN7testing8internal26ParameterizedTestSuiteInfoI21ErrorHandlingHelpTestE14AddTestPatternEPKcS5_PNS0_19TestMetaFactoryBaseI9ErrorCaseEENS0_12CodeLocationE
FN:532,537,_ZN7testing8internal26ParameterizedTestSuiteInfoI26ErrorHandlingTestArgumentsE14AddTestPatternEPKcS5_PNS0_19TestMetaFactoryBaseI13ArgumentsCaseEENS0_12CodeLocationE
FN:540,547,_ZN7testing8internal26ParameterizedTestSuiteInfoI21ErrorHandlingHelpTestE25AddTestSuiteInstantiationERKNSt7__cxx1112basic_stringIcSt11char_traitsIcESaIcEEEPFNS0_14ParamGeneratorI9ErrorCaseEEvEPFS9_RKNS_13TestParamInfoISD_EEEPKci
FN:540,547,_ZN7testing8internal26ParameterizedTestSuiteInfoI26ErrorHandlingTestArgumentsE25AddTestSuiteInstantiationERKNSt7__cxx1112basic_stringIcSt11char_traitsIcESaIcEEEPFNS0_14ParamGeneratorI13ArgumentsCaseEEvEPFS9_RKNS_13TestParamInfoISD_EEEPKci
FN:553,616,_ZN7testing8internal26ParameterizedTestSuiteInfoI21ErrorHandlingHelpTestE13RegisterTestsEv
FN:553,616,_ZN7testing8internal26ParameterizedTestSuiteInfoI26ErrorHandlingTestArgumentsE13RegisterTestsEv
FN:622,628,_ZN7testing8internal26ParameterizedTestSuiteInfoI21ErrorHandlingHelpTestE8TestInfoC2EPKcS6_PNS0_19TestMetaFactoryBaseI9ErrorCaseEENS0_12CodeLocationE
FN:622,628,_ZN7testing8internal26ParameterizedTestSuiteInfoI26ErrorHandlingTestArgumentsE8TestInfoC2EPKcS6_PNS0_19TestMetaFactoryBaseI13ArgumentsCaseEENS0_12CodeLocationE
FN:63,64,_ZN7testing13TestParamInfoI13ArgumentsCaseEC2ERKS1_m
FN:63,64,_ZN7testing13TestParamInfoI9ErrorCaseEC2ERKS1_m
FN:640,648,_ZN7testing8internal26ParameterizedTestSuiteInfoI21ErrorHandlingHelpTestE17InstantiationInfoC2ERKNSt7__cxx1112basic_stringIcSt11char_traitsIcESaIcEEEPFNS0_14ParamGeneratorI9ErrorCaseEEvEPFSA_RKNS_13TestParamInfoISE_EEEPKci
FN:640,648,_ZN7testing8internal26ParameterizedTestSuiteInfoI26ErrorHandlingTestArgumentsE17InstantiationInfoC2ERKNSt7__cxx1112basic_stringIcSt11char_traitsIcESaIcEEEPFNS0_14ParamGeneratorI13ArgumentsCaseEEvEPFSA_RKNS_13TestParamInfoISE_EEEPKci
FN:658,668,_ZN7testing8internal26ParameterizedTestSuiteInfoI21ErrorHandlingHelpTestE16IsValidParamNameERKNSt7__cxx1112basic_stringIcSt11char_traitsIcESaIcEEE
FN:658,668,_ZN7testing8internal26ParameterizedTestSuiteInfoI26ErrorHandlingTestArgumentsE16IsValidParamNameERKNSt7__cxx1112basic_stringIcSt11char_traitsIcESaIcEEE
FN:704,731,_ZN7testing8internal30ParameterizedTestSuiteRegistry25GetTestSuitePatternHolderI21ErrorHandlingHelpTestEEPNS0_26ParameterizedTestSuiteInfoIT_EEPKcNS0_12CodeLocationE
FN:704,731,_ZN7testing8internal30ParameterizedTestSuiteRegistry25GetTestSuitePatternHolderI26ErrorHandlingTestArgumentsEEPNS0_26ParameterizedTestSuiteInfoIT_EEPKcNS0_12CodeLocationE
FN:802,802,_ZN7testing8internal10ValueArrayIJ13ArgumentsCaseS2_S2_S2_S2_S2_S2_S2_S2_S2_EEC2ES2_S2_S2_S2_S2_S2_S2_S2_S2_S2_
FN:802,802,_ZN7testing8internal10ValueArrayIJ9ErrorCaseS2_S2_S2_S2_S2_S2_EEC2ES2_S2_S2_S2_S2_S2_S2_
FN:805,807,_ZNK7testing8internal10ValueArrayIJ13ArgumentsCaseS2_S2_S2_S2_S2_S2_S2_S2_S2_EEcvNS0_14ParamGeneratorIT_EEIS2_EEv
FN:805,807,_ZNK7testing8internal10ValueArrayIJ9ErrorCaseS2_S2_S2_S2_S2_S2_EEcvNS0_14ParamGeneratorIT_EEIS2_EEv
FN:811,813,_ZNK7testing8internal10ValueArrayIJ13ArgumentsCaseS2_S2_S2_S2_S2_S2_S2_S2_S2_EE10MakeVectorIS2_JLm0ELm1ELm2ELm3ELm4ELm5ELm6ELm7ELm8ELm9EEEESt6vectorIT_SaIS6_EENS0_13IndexSequenceIJXspT0_EEEE
FN:811,813,_ZNK7testing8internal10ValueArrayIJ9ErrorCaseS2_S2_S2_S2_S2_S2_EE10MakeVectorIS2_JLm0ELm1ELm2ELm3ELm4ELm5ELm6EEEESt6vectorIT_SaIS6_EENS0_13IndexSequenceIJXspT0_EEEE
FNDA:0,_ZN7testing8internal22ParamIteratorInterfaceI13ArgumentsCaseED0Ev
FNDA:24,_ZN7testing8internal22ParamIteratorInterfaceI13ArgumentsCaseED2Ev
FNDA:0,_ZN7testing8internal22ParamIteratorInterfaceI9ErrorCaseED0Ev
FNDA:18,_ZN7testing8internal22ParamIteratorInterfaceI9ErrorCaseED2Ev
FNDA:60,_ZNK7testing8internal13ParamIteratorI13ArgumentsCaseEdeEv
FNDA:42,_ZNK7testing8internal13ParamIteratorI9ErrorCaseEdeEv
FNDA:20,_ZN7testing8internal13ParamIteratorI13ArgumentsCaseEppEv
FNDA:14,_ZN7testing8internal13ParamIteratorI9ErrorCaseEppEv
FNDA:22,_ZNK7testing8internal13ParamIteratorI13ArgumentsCaseEeqERKS3_
FNDA:16,_ZNK7testing8internal13ParamIteratorI9ErrorCaseEeqERKS3_
FNDA:22,_ZNK7testing8internal13ParamIteratorI13ArgumentsCaseEneERKS3_
FNDA:16,_ZNK7testing8internal13ParamIteratorI9ErrorCaseEneERKS3_
FNDA:24,_ZN7testing8internal13ParamIteratorI13ArgumentsCaseEC2EPNS0_22ParamIteratorInterfaceIS2_EE
FNDA:18,_ZN7testing8internal13ParamIteratorI9ErrorCaseEC2EPNS0_22ParamIteratorInterfaceIS2_EE
FNDA:0,_ZN7testing8internal23ParamGeneratorInterfaceI13ArgumentsCaseED0Ev
FNDA:2,_ZN7testing8internal23ParamGeneratorInterfaceI13ArgumentsCaseED2Ev
FNDA:0,_ZN7testing8internal23ParamGeneratorInterfaceI9ErrorCaseED0Ev
FNDA:2,_ZN7testing8internal23ParamGeneratorInterfaceI9ErrorCaseED2Ev
FNDA:2,_ZN7testing8internal14ParamGeneratorI13ArgumentsCaseEC2EPNS0_23ParamGeneratorInterfaceIS2_EE
FNDA:2,_ZN7testing8internal14ParamGeneratorI9ErrorCaseEC2EPNS0_23ParamGeneratorInterfaceIS2_EE
FNDA:2,_ZNK7testing8internal14ParamGeneratorI13ArgumentsCaseE5beginEv
FNDA:2,_ZNK7testing8internal14ParamGeneratorI9ErrorCaseE5beginEv
FNDA:22,_ZNK7testing8internal14ParamGeneratorI13ArgumentsCaseE3endEv
FNDA:16,_ZNK7testing8internal14ParamGeneratorI9ErrorCaseE3endEv
FNDA:2,_ZN7testing8internal30ValuesInIteratorRangeGeneratorI13ArgumentsCaseEC2IN9__gnu_cxx17__normal_iteratorIPKS2_St6vectorIS2_SaIS2_EEEEEET_SD_
FNDA:2,_ZN7testing8internal30ValuesInIteratorRangeGeneratorI9ErrorCaseEC2IN9__gnu_cxx17__normal_iteratorIPKS2_St6vectorIS2_SaIS2_EEEEEET_SD_
FNDA:2,_ZN7testing8internal30ValuesInIteratorRangeGeneratorI13ArgumentsCaseED0Ev
FNDA:2,_ZN7testing8internal30ValuesInIteratorRangeGeneratorI13ArgumentsCaseED2Ev
FNDA:2,_ZN7testing8internal30ValuesInIteratorRangeGeneratorI9ErrorCaseED0Ev
FNDA:2,_ZN7testing8internal30ValuesInIteratorRangeGeneratorI9ErrorCaseED2Ev
FNDA:2,_ZNK7testing8internal30ValuesInIteratorRangeGeneratorI13ArgumentsCaseE5BeginEv
FNDA:2,_ZNK7testing8internal30ValuesInIteratorRangeGeneratorI9ErrorCaseE5BeginEv
FNDA:22,_ZNK7testing8internal30ValuesInIteratorRangeGeneratorI13ArgumentsCaseE3EndEv
FNDA:16,_ZNK7testing8internal30ValuesInIteratorRangeGeneratorI9ErrorCaseE3EndEv
FNDA:24,_ZN7testing8internal30ValuesInIteratorRangeGeneratorI13ArgumentsCaseE8IteratorC2EPKNS0_23ParamGeneratorInterfaceIS2_EEN9__gnu_cxx17__normal_iteratorIPKS2_St6vectorIS2_SaIS2_EEEE
FNDA:18,_ZN7testing8internal30ValuesInIteratorRangeGeneratorI9ErrorCaseE8IteratorC2EPKNS0_23ParamGeneratorInterfaceIS2_EEN9__gnu_cxx17__normal_iteratorIPKS2_St6vectorIS2_SaIS2_EEEE
FNDA:24,_ZN7testing8internal30ValuesInIteratorRangeGeneratorI13ArgumentsCaseE8IteratorD0Ev
FNDA:24,_ZN7testing8internal30ValuesInIteratorRangeGeneratorI13ArgumentsCaseE8IteratorD2Ev
FNDA:18,_ZN7testing8internal30ValuesInIteratorRangeGeneratorI9ErrorCaseE8IteratorD0Ev
FNDA:18,_ZN7testing8internal30ValuesInIteratorRangeGeneratorI9ErrorCaseE8IteratorD2Ev
FNDA:44,_ZNK7testing8internal30ValuesInIteratorRangeGeneratorI13ArgumentsCaseE8Iterator13BaseGeneratorEv
FNDA:32,_ZNK7testing8internal30ValuesInIteratorRangeGeneratorI9ErrorCaseE8Iterator13BaseGeneratorEv
FNDA:20,_ZN7testing8internal30ValuesInIteratorRangeGeneratorI13ArgumentsCaseE8Iterator7AdvanceEv
FNDA:14,_ZN7testing8internal30ValuesInIteratorRangeGeneratorI9ErrorCaseE8Iterator7AdvanceEv
FNDA:0,_ZNK7testing8internal30ValuesInIteratorRangeGeneratorI13ArgumentsCaseE8Iterator5CloneEv
FNDA:0,_ZNK7testing8internal30ValuesInIteratorRangeGeneratorI9ErrorCaseE8Iterator5CloneEv
FNDA:60,_ZNK7testing8internal30ValuesInIteratorRangeGeneratorI13ArgumentsCaseE8Iterator7CurrentEv
FNDA:42,_ZNK7testing8internal30ValuesInIteratorRangeGeneratorI9ErrorCaseE8Iterator7CurrentEv
FNDA:22,_ZNK7testing8internal30ValuesInIteratorRangeGeneratorI13ArgumentsCaseE8Iterator6EqualsERKNS0_22ParamIteratorInterfaceIS2_EE
FNDA:16,_ZNK7testing8internal30ValuesInIteratorRangeGeneratorI9ErrorCaseE8Iterator6EqualsERKNS0_22ParamIteratorInterfaceIS2_EE
FNDA:0,_ZN7testing8internal30ValuesInIteratorRangeGeneratorI13ArgumentsCaseE8IteratorC2ERKS4_
FNDA:0,_ZN7testing8internal30ValuesInIteratorRangeGeneratorI9ErrorCaseE8IteratorC2ERKS4_
FNDA:20,_ZN7testing8internal16DefaultParamNameI13ArgumentsCaseEENSt7__cxx1112basic_stringIcSt11char_traitsIcESaIcEEERKNS_13TestParamInfoIT_EE
FNDA:14,_ZN7testing8internal16DefaultParamNameI9ErrorCaseEENSt7__cxx1112basic_stringIcSt11char_traitsIcESaIcEEERKNS_13TestParamInfoIT_EE
FNDA:0,_ZN7testing8internal12TestNotEmptyIFNSt7__cxx1112basic_stringIcSt11char_traitsIcESaIcEEERKNS_13TestParamInfoI13ArgumentsCaseEEEEEvRKT_
FNDA:0,_ZN7testing8internal12TestNotEmptyIFNSt7__cxx1112basic_stringIcSt11char_traitsIcESaIcEEERKNS_13TestParamInfoI9ErrorCaseEEEEEvRKT_
FNDA:20,_ZN7testing8internal24ParameterizedTestFactoryI47ErrorHandlingTestArguments_HandleArguments_TestEC2E13ArgumentsCase
FNDA:14,_ZN7testing8internal24ParameterizedTestFactoryI49ErrorHandlingHelpTest_HandleCorrectHelpFlags_TestEC2E9ErrorCase
FNDA:10,_ZN7testing8internal24ParameterizedTestFactoryI47ErrorHandlingTestArguments_HandleArguments_TestE10CreateTestEv
FNDA:7,_ZN7testing8internal24ParameterizedTestFactoryI49ErrorHandlingHelpTest_HandleCorrectHelpFlags_TestE10CreateTestEv
FNDA:0,_ZN7testing8internal19TestMetaFactoryBaseI13ArgumentsCaseED0Ev
FNDA:2,_ZN7testing8internal19TestMetaFactoryBaseI13ArgumentsCaseED2Ev
FNDA:0,_ZN7testing8internal19TestMetaFactoryBaseI9ErrorCaseED0Ev
FNDA:2,_ZN7testing8internal19TestMetaFactoryBaseI9ErrorCaseED2Ev
FNDA:2,_ZN7testing8internal15TestMetaFactoryI47ErrorHandlingTestArguments_HandleArguments_TestEC2Ev
FNDA:2,_ZN7testing8internal15TestMetaFactoryI49ErrorHandlingHelpTest_HandleCorrectHelpFlags_TestEC2Ev
FNDA:20,_ZN7testing8internal15TestMetaFactoryI47ErrorHandlingTestArguments_HandleArguments_TestE17CreateTestFactoryE13ArgumentsCase
FNDA:14,_ZN7testing8internal15TestMetaFactoryI49ErrorHandlingHelpTest_HandleCorrectHelpFlags_TestE17CreateTestFactoryE9ErrorCase
FNDA:0,_ZN7testing8internal30ParameterizedTestSuiteInfoBaseD0Ev
FNDA:4,_ZN7testing8internal30ParameterizedTestSuiteInfoBaseD2Ev
FNDA:4,_ZN7testing8internal30ParameterizedTestSuiteInfoBaseC2Ev
FNDA:2,_ZN7testing8internal26ParameterizedTestSuiteInfoI21ErrorHandlingHelpTestEC2EPKcNS0_12CodeLocationE
FNDA:2,_ZN7testing8internal26ParameterizedTestSuiteInfoI26ErrorHandlingTestArgumentsEC2EPKcNS0_12CodeLocationE
FNDA:6,_ZNK7testing8internal26ParameterizedTestSuiteInfoI21ErrorHandlingHelpTestE16GetTestSuiteNameB5cxx11Ev
FNDA:2,_ZNK7testing8internal26ParameterizedTestSuiteInfoI26ErrorHandlingTestArgumentsE16GetTestSuiteNameB5cxx11Ev
FNDA:16,_ZNK7testing8internal26ParameterizedTestSuiteInfoI21ErrorHandlingHelpTestE18GetTestSuiteTypeIdEv
FNDA:22,_ZNK7testing8internal26ParameterizedTestSuiteInfoI26ErrorHandlingTestArgumentsE18GetTestSuiteTypeIdEv
FNDA:2,_ZN7testing8internal26ParameterizedTestSuiteInfoI21ErrorHandlingHelpTestE14AddTestPatternEPKcS5_PNS0_19TestMetaFactoryBaseI9ErrorCaseEENS0_12CodeLocationE
FNDA:2,_ZN7testing8internal26ParameterizedTestSuiteInfoI26ErrorHandlingTestArgumentsE14AddTestPatternEPKcS5_PNS0_19TestMetaFactoryBaseI13ArgumentsCaseEENS0_12CodeLocationE
FNDA:2,_ZN7testing8internal26ParameterizedTestSuiteInfoI21ErrorHandlingHelpTestE25AddTestSuiteInstantiationERKNSt7__cxx1112basic_stringIcSt11char_traitsIcESaIcEEEPFNS0_14ParamGeneratorI9ErrorCaseEEvEPFS9_RKNS_13TestParamInfoISD_EEEPKci
FNDA:2,_ZN7testing8internal26ParameterizedTestSuiteInfoI26ErrorHandlingTestArgumentsE25AddTestSuiteInstantiationERKNSt7__cxx1112basic_stringIcSt11char_traitsIcESaIcEEEPFNS0_14ParamGeneratorI13ArgumentsCaseEEvEPFS9_RKNS_13TestParamInfoISD_EEEPKci
FNDA:2,_ZN7testing8internal26ParameterizedTestSuiteInfoI21ErrorHandlingHelpTestE13RegisterTestsEv
FNDA:2,_ZN7testing8internal26ParameterizedTestSuiteInfoI26ErrorHandlingTestArgumentsE13RegisterTestsEv
FNDA:2,_ZN7testing8internal26ParameterizedTestSuiteInfoI21ErrorHandlingHelpTestE8TestInfoC2EPKcS6_PNS0_19TestMetaFactoryBaseI9ErrorCaseEENS0_12CodeLocationE
FNDA:2,_ZN7testing8internal26ParameterizedTestSuiteInfoI26ErrorHandlingTestArgumentsE8TestInfoC2EPKcS6_PNS0_19TestMetaFactoryBaseI13ArgumentsCaseEENS0_12CodeLocationE
FNDA:20,_ZN7testing13TestParamInfoI13ArgumentsCaseEC2ERKS1_m
FNDA:14,_ZN7testing13TestParamInfoI9ErrorCaseEC2ERKS1_m
FNDA:2,_ZN7testing8internal26ParameterizedTestSuiteInfoI21ErrorHandlingHelpTestE17InstantiationInfoC2ERKNSt7__cxx1112basic_stringIcSt11char_traitsIcESaIcEEEPFNS0_14ParamGeneratorI9ErrorCaseEEvEPFSA_RKNS_13TestParamInfoISE_EEEPKci
FNDA:2,_ZN7testing8internal26ParameterizedTestSuiteInfoI26ErrorHandlingTestArgumentsE17InstantiationInfoC2ERKNSt7__cxx1112basic_stringIcSt11char_traitsIcESaIcEEEPFNS0_14ParamGeneratorI13ArgumentsCaseEEvEPFSA_RKNS_13TestParamInfoISE_EEEPKci
FNDA:14,_ZN7testing8internal26ParameterizedTestSuiteInfoI21ErrorHandlingHelpTestE16IsValidParamNameERKNSt7__cxx1112basic_stringIcSt11char_traitsIcESaIcEEE
FNDA:20,_ZN7testing8internal26ParameterizedTestSuiteInfoI26ErrorHandlingTestArgumentsE16IsValidParamNameERKNSt7__cxx1112basic_stringIcSt11char_traitsIcESaIcEEE
FNDA:4,_ZN7testing8internal30ParameterizedTestSuiteRegistry25GetTestSuitePatternHolderI21ErrorHandlingHelpTestEEPNS0_26ParameterizedTestSuiteInfoIT_EEPKcNS0_12CodeLocationE
FNDA:4,_ZN7testing8internal30ParameterizedTestSuiteRegistry25GetTestSuitePatternHolderI26ErrorHandlingTestArgumentsEEPNS0_26ParameterizedTestSuiteInfoIT_EEPKcNS0_12CodeLocationE
FNDA:2,_ZN7testing8internal10ValueArrayIJ13ArgumentsCaseS2_S2_S2_S2_S2_S2_S2_S2_S2_EEC2ES2_S2_S2_S2_S2_S2_S2_S2_S2_S2_
FNDA:2,_ZN7testing8internal10ValueArrayIJ9ErrorCaseS2_S2_S2_S2_S2_S2_EEC2ES2_S2_S2_S2_S2_S2_S2_
FNDA:2,_ZNK7testing8internal10ValueArrayIJ13ArgumentsCaseS2_S2_S2_S2_S2_S2_S2_S2_S2_EEcvNS0_14ParamGeneratorIT_EEIS2_EEv
FNDA:2,_ZNK7testing8internal10ValueArrayIJ9ErrorCaseS2_S2_S2_S2_S2_S2_EEcvNS0_14ParamGeneratorIT_EEIS2_EEv
FNDA:2,_ZNK7testing8internal10ValueArrayIJ13ArgumentsCaseS2_S2_S2_S2_S2_S2_S2_S2_S2_EE10MakeVectorIS2_JLm0ELm1ELm2ELm3ELm4ELm5ELm6ELm7ELm8ELm9EEEESt6vectorIT_SaIS6_EENS0_13IndexSequenceIJXspT0_EEEE
FNDA:2,_ZNK7testing8internal10ValueArrayIJ9ErrorCaseS2_S2_S2_S2_S2_S2_EE10MakeVectorIS2_JLm0ELm1ELm2ELm3ELm4ELm5ELm6EEEESt6vectorIT_SaIS6_EENS0_13IndexSequenceIJXspT0_EEEE
FNF:99
FNH:86
DA:63,34
DA:64,34
DA:100,42
DA:141,102
DA:144,34
DA:145,34
DA:146,34
DA:154,38
DA:155,38
DA:157,38
DA:158,38
DA:163,42
DA:174,4
DA:191,4
DA:199,4
DA:200,38
DA:300,4
DA:301,12
DA:302,8
DA:304,4
DA:305,4
DA:307,38
DA:308,38
DA:316,42
DA:318,42
DA:319,84
DA:321,76
DA:322,76
DA:324,34
DA:325,34
DA:326,34
DA:327,34
DA:328,0
DA:329,0
DA:338,102
DA:339,102
DA:340,102
DA:342,38
DA:345,38
DA:347,0
DA:348,38
DA:349,38
DA:353,0
DA:357,0
DA:358,0
DA:381,34
DA:382,34
DA:383,34
DA:384,68
DA:385,34
DA:392,0
DA:402,34
DA:403,34
DA:404,17
DA:405,17
DA:406,17
DA:423,4
DA:442,4
DA:444,34
DA:445,34
DA:465,4
DA:478,4
DA:516,4
DA:518,12
DA:521,8
DA:522,8
DA:525,38
DA:532,4
DA:535,4
DA:537,4
DA:540,4
DA:544,4
DA:545,8
DA:546,4
DA:553,4
DA:554,4
DA:556,8
DA:557,8
DA:558,4
DA:559,8
DA:560,4
DA:561,8
DA:562,4
DA:563,4
DA:564,4
DA:565,4
DA:566,4
DA:568,4
DA:569,4
DA:570,4
DA:571,4
DA:573,4
DA:574,4
DA:575,76
DA:577,72
DA:578,34
DA:580,34
DA:582,34
DA:583,34
DA:585,34
DA:587,0
DA:589,34
DA:591,0
DA:593,34
DA:595,34
DA:596,34
DA:598,34
DA:599,68
DA:602,34
DA:603,34
DA:606,34
DA:611,4
DA:613,0
DA:614,0
DA:616,4
DA:622,4
DA:625,8
DA:626,8
DA:627,4
DA:628,4
DA:640,4
DA:644,4
DA:645,4
DA:646,4
DA:647,4
DA:648,4
DA:658,34
DA:660,34
DA:663,68
DA:664,34
DA:667,34
DA:704,8
DA:706,8
DA:707,12
DA:708,8
DA:709,4
DA:713,0
DA:714,0
DA:720,4
DA:722,4
DA:725,8
DA:726,4
DA:728,4
DA:730,8
DA:802,4
DA:805,4
DA:806,4
DA:811,4
DA:812,12
LF:149
LH:136
end_of_record
TN:
SF:/usr/include/gtest/internal/gtest-port.h
FN:1042,1042,_ZN7testing8internal8GTestLog9GetStreamEv
FN:1150,1157,_ZN7testing8internal27CheckedDowncastToActualTypeIKNS0_30ValuesInIteratorRangeGeneratorI13ArgumentsCaseE8IteratorEKNS0_22ParamIteratorInterfaceIS3_EEEEPT_PT0_
FN:1150,1157,_ZN7testing8internal27CheckedDowncastToActualTypeIKNS0_30ValuesInIteratorRangeGeneratorI9ErrorCaseE8IteratorEKNS0_22ParamIteratorInterfaceIS3_EEEEPT_PT0_
FN:1150,1157,_ZN7testing8internal27CheckedDowncastToActualTypeINS0_26ParameterizedTestSuiteInfoI21ErrorHandlingHelpTestEENS0_30ParameterizedTestSuiteInfoBaseEEEPT_PT0_
FN:1150,1157,_ZN7testing8internal27CheckedDowncastToActualTypeINS0_26ParameterizedTestSuiteInfoI26ErrorHandlingTestArgumentsEENS0_30ParameterizedTestSuiteInfoBaseEEEPT_PT0_
FN:1932,1934,_ZN7testing8internal7IsAlNumEc
FN:2147,2147,_ZN7testing8internal5posix5AbortEv
FNDA:0,_ZN7testing8internal8GTestLog9GetStreamEv
FNDA:22,_ZN7testing8internal27CheckedDowncastToActualTypeIKNS0_30ValuesInIteratorRangeGeneratorI13ArgumentsCaseE8IteratorEKNS0_22ParamIteratorInterfaceIS3_EEEEPT_PT0_
FNDA:16,_ZN7testing8internal27CheckedDowncastToActualTypeIKNS0_30ValuesInIteratorRangeGeneratorI9ErrorCaseE8IteratorEKNS0_22ParamIteratorInterfaceIS3_EEEEPT_PT0_
FNDA:2,_ZN7testing8internal27CheckedDowncastToActualTypeINS0_26ParameterizedTestSuiteInfoI21ErrorHandlingHelpTestEENS0_30ParameterizedTestSuiteInfoBaseEEEPT_PT0_
FNDA:2,_ZN7testing8internal27CheckedDowncastToActualTypeINS0_26ParameterizedTestSuiteInfoI26ErrorHandlingTestArgumentsEENS0_30ParameterizedTestSuiteInfoBaseEEEPT_PT0_
FNDA:34,_ZN7testing8internal7IsAlNumEc
FNDA:0,_ZN7testing8internal5posix5AbortEv
FNF:7
FNH:5
DA:1042,0
DA:1150,42
DA:1154,42
DA:1156,42
DA:1932,34
DA:1933,34
DA:2147,0
LF:7
LH:5
end_of_record
TN:
SF:/usr/include/x86_64-linux-gnu/c++/13/bits/c++config.h
FN:540,551,_ZSt23__is_constant_evaluatedv
FNDA:297,_ZSt23__is_constant_evaluatedv
FNF:1
FNH:1
DA:540,297
DA:547,297
LF:2
LH:2
end_of_record
